Log file open, 05/19/22 17:22:35
LogWindows: Failed to load 'aqProf.dll' (GetLastError=126)
LogWindows: File 'aqProf.dll' does not exist
LogWindows: Failed to load 'VtuneApi.dll' (GetLastError=126)
LogWindows: File 'VtuneApi.dll' does not exist
LogWindows: Failed to load 'VtuneApi32e.dll' (GetLastError=126)
LogWindows: File 'VtuneApi32e.dll' does not exist
LogConsoleResponse: Display: Failed to find resolution value strings in scalability ini. Falling back to default.
LogConsoleResponse: Display: Failed to find resolution value strings in scalability ini. Falling back to default.
LogInit: Display: Running engine for game: Project_sung
LogPlatformFile: Not using cached read wrapper
LogTaskGraph: Started task graph with 5 named threads and 35 total threads with 3 sets of task threads.
LogStats: Stats thread started at 0.342940
LogICUInternationalization: ICU TimeZone Detection - Raw Offset: +9:00, Platform Override: ''
LogInit: Display: Loading text-based GConfig....
LogPluginManager: Mounting plugin MeshPainting
LogPluginManager: Mounting plugin XGEController
LogPluginManager: Mounting plugin Paper2D
LogPluginManager: Mounting plugin LiveLink
LogPluginManager: Mounting plugin AISupport
LogPluginManager: Mounting plugin EnvironmentQueryEditor
LogPluginManager: Mounting plugin CameraShakePreviewer
LogPluginManager: Mounting plugin GameplayCameras
LogPluginManager: Mounting plugin LightPropagationVolume
LogPluginManager: Mounting plugin OodleData
LogPluginManager: Mounting plugin OodleNetwork
LogPluginManager: Mounting plugin DatasmithContent
LogPluginManager: Mounting plugin AnimationSharing
LogPluginManager: Mounting plugin VariantManagerContent
LogPluginManager: Mounting plugin CLionSourceCodeAccess
LogPluginManager: Mounting plugin CodeLiteSourceCodeAccess
LogPluginManager: Mounting plugin GitSourceControl
LogPluginManager: Mounting plugin KDevelopSourceCodeAccess
LogPluginManager: Mounting plugin NullSourceCodeAccess
LogPluginManager: Mounting plugin PerforceSourceControl
LogPluginManager: Mounting plugin PixWinPlugin
LogPluginManager: Mounting plugin PluginUtils
LogPluginManager: Mounting plugin PlasticSourceControl
LogPluginManager: Mounting plugin PropertyAccessNode
LogPluginManager: Mounting plugin SubversionSourceControl
LogPluginManager: Mounting plugin TextureFormatOodle
LogPluginManager: Mounting plugin RiderSourceCodeAccess
LogPluginManager: Mounting plugin UObjectPlugin
LogPluginManager: Mounting plugin VisualStudioCodeSourceCodeAccess
LogPluginManager: Mounting plugin VisualStudioSourceCodeAccess
LogPluginManager: Mounting plugin XCodeSourceCodeAccess
LogPluginManager: Mounting plugin Niagara
LogPluginManager: Mounting plugin LuminPlatformFeatures
LogPluginManager: Mounting plugin MagicLeap
LogPluginManager: Mounting plugin MagicLeapLightEstimation
LogPluginManager: Mounting plugin MagicLeapMedia
LogPluginManager: Mounting plugin MagicLeapPassableWorld
LogPluginManager: Mounting plugin AndroidMedia
LogPluginManager: Mounting plugin TcpMessaging
LogPluginManager: Mounting plugin AvfMedia
LogPluginManager: Mounting plugin UdpMessaging
LogPluginManager: Mounting plugin ImgMedia
LogPluginManager: Mounting plugin MediaCompositing
LogPluginManager: Mounting plugin MediaPlayerEditor
LogPluginManager: Mounting plugin WebMMedia
LogPluginManager: Mounting plugin WmfMedia
LogPluginManager: Mounting plugin ActorSequence
LogPluginManager: Mounting plugin LevelSequenceEditor
LogPluginManager: Mounting plugin MatineeToLevelSequence
LogPluginManager: Mounting plugin TemplateSequence
LogPluginManager: Mounting plugin OnlineSubsystem
LogPluginManager: Mounting plugin OnlineSubsystemNull
LogPluginManager: Mounting plugin OnlineSubsystemUtils
LogPluginManager: Mounting plugin LauncherChunkInstaller
LogPluginManager: Mounting plugin ActorLayerUtilities
LogPluginManager: Mounting plugin AndroidDeviceProfileSelector
LogPluginManager: Mounting plugin AndroidMoviePlayer
LogPluginManager: Mounting plugin AndroidPermission
LogPluginManager: Mounting plugin AppleMoviePlayer
LogPluginManager: Mounting plugin AppleImageUtils
LogPluginManager: Mounting plugin ArchVisCharacter
LogPluginManager: Mounting plugin AssetTags
LogPluginManager: Mounting plugin AudioCapture
LogPluginManager: Mounting plugin AudioSynesthesia
LogPluginManager: Mounting plugin ChunkDownloader
LogPluginManager: Mounting plugin CableComponent
LogPluginManager: Mounting plugin CustomMeshComponent
LogPluginManager: Mounting plugin EditableMesh
LogPluginManager: Mounting plugin ExampleDeviceProfileSelector
LogPluginManager: Mounting plugin GoogleCloudMessaging
LogPluginManager: Mounting plugin GooglePAD
LogPluginManager: Mounting plugin MLSDK
LogPluginManager: Mounting plugin ScreenshotTools
LogPluginManager: Mounting plugin IOSDeviceProfileSelector
LogPluginManager: Mounting plugin LinuxDeviceProfileSelector
LogPluginManager: Mounting plugin LocationServicesBPLibrary
LogPluginManager: Mounting plugin MobilePatchingUtils
LogPluginManager: Mounting plugin OpenXREyeTracker
LogPluginManager: Mounting plugin OpenXR
LogPluginManager: Mounting plugin OpenXRHandTracking
LogPluginManager: Mounting plugin PostSplashScreen
LogPluginManager: Mounting plugin PhysXVehicles
LogPluginManager: Mounting plugin ProceduralMeshComponent
LogPluginManager: Mounting plugin PropertyAccessEditor
LogPluginManager: Mounting plugin RuntimePhysXCooking
LogPluginManager: Mounting plugin SoundFields
LogPluginManager: Mounting plugin Synthesis
LogPluginManager: Mounting plugin SignificanceManager
LogPluginManager: Mounting plugin WebMMoviePlayer
LogPluginManager: Mounting plugin WindowsMoviePlayer
LogPluginManager: Mounting plugin Takes
LogPluginManager: Mounting plugin AlembicImporter
LogPluginManager: Mounting plugin AutomationUtils
LogPluginManager: Mounting plugin BackChannel
LogPluginManager: Mounting plugin ChaosCloth
LogPluginManager: Mounting plugin ChaosClothEditor
LogPluginManager: Mounting plugin ChaosEditor
LogPluginManager: Mounting plugin ChaosNiagara
LogPluginManager: Mounting plugin ChaosSolverPlugin
LogPluginManager: Mounting plugin CharacterAI
LogPluginManager: Mounting plugin GeometryCache
LogPluginManager: Mounting plugin GeometryCollectionPlugin
LogPluginManager: Mounting plugin GeometryProcessing
LogPluginManager: Mounting plugin MotoSynth
LogPluginManager: Mounting plugin OpenImageDenoise
LogPluginManager: Mounting plugin PlanarCut
LogPluginManager: Mounting plugin PlatformCrypto
LogPluginManager: Mounting plugin ProxyLODPlugin
LogPluginManager: Mounting plugin PythonScriptPlugin
LogPluginManager: Mounting plugin SkeletalReduction
LogPluginManager: Mounting plugin AssetManagerEditor
LogPluginManager: Mounting plugin CryptoKeys
LogPluginManager: Mounting plugin CurveEditorTools
LogPluginManager: Mounting plugin DataValidation
LogPluginManager: Mounting plugin FacialAnimation
LogPluginManager: Mounting plugin GameplayTagsEditor
LogPluginManager: Mounting plugin GeometryMode
LogPluginManager: Mounting plugin MacGraphicsSwitching
LogPluginManager: Mounting plugin MaterialAnalyzer
LogPluginManager: Mounting plugin MobileLauncherProfileWizard
LogPluginManager: Mounting plugin PluginBrowser
LogPluginManager: Mounting plugin SpeedTreeImporter
LogPluginManager: Mounting plugin OnlineSubsystemGooglePlay
LogPluginManager: Mounting plugin OnlineSubsystemIOS
LogPluginManager: Mounting plugin SteamVR
LogPluginManager: Mounting plugin OculusVR
LogPluginManager: Mounting plugin ContentBrowserAssetDataSource
LogPluginManager: Mounting plugin ContentBrowserClassDataSource
LogPluginManager: Mounting plugin ContentBrowserFileDataSource
PixWinPlugin: PIX capture plugin failed to initialize! Check that the process is launched from PIX.
LogInit: Using libcurl 7.55.1-DEV
LogInit:  - built for x86_64-pc-win32
LogInit:  - supports SSL with OpenSSL/1.1.1
LogInit:  - supports HTTP deflate (compression) using libz 1.2.8
LogInit:  - other features:
LogInit:      CURL_VERSION_SSL
LogInit:      CURL_VERSION_LIBZ
LogInit:      CURL_VERSION_IPV6
LogInit:      CURL_VERSION_ASYNCHDNS
LogInit:      CURL_VERSION_LARGEFILE
LogInit:      CURL_VERSION_IDN
LogInit:  CurlRequestOptions (configurable via config and command line):
LogInit:  - bVerifyPeer = true  - Libcurl will verify peer certificate
LogInit:  - bUseHttpProxy = false  - Libcurl will NOT use HTTP proxy
LogInit:  - bDontReuseConnections = false  - Libcurl will reuse connections
LogInit:  - MaxHostConnections = 16  - Libcurl will limit the number of connections to a host
LogInit:  - LocalHostAddr = Default
LogInit:  - BufferSize = 65536
LogOnline: OSS: Creating online subsystem instance for: NULL
LogInit: WinSock: version 1.1 (2.2), MaxSocks=32767, MaxUdp=65467
LogOnline: OSS: TryLoadSubsystemAndSetDefault: Loaded subsystem for module [NULL]
LogOculusPluginWrapper: OculusPlugin initialized successfully
LogHMD: Failed initializing OVRPlugin 1.59.0
LogInit: Build: ++UE4+Release-4.27-CL-18319896
LogInit: Engine Version: 4.27.2-18319896+++UE4+Release-4.27
LogInit: Compatible Engine Version: 4.27.0-17155196+++UE4+Release-4.27
LogInit: Net CL: 17155196
LogInit: OS: Windows 10 (Release 2009) (), CPU: Intel(R) Core(TM) i7-8750H CPU @ 2.20GHz, GPU: Intel(R) UHD Graphics 630
LogInit: Compiled (64-bit): Nov 30 2021 07:12:08
LogInit: Compiled with Visual C++: 19.24.28315.00
LogInit: Build Configuration: Development
LogInit: Branch Name: ++UE4+Release-4.27
LogInit: Command Line:  -EpicPortal -epicusername=Adrians023 -epicuserid=19ad3d908832486bb58d4cd276a0c3b5 -epiclocale=ko -epicsandboxid=ue
LogInit: Base Directory: C:/Program Files/Epic Games/UE_4.27/Engine/Binaries/Win64/
LogInit: Allocator: TBB
LogInit: Installed Engine Build: 1
LogDevObjectVersion: Number of dev versions registered: 29
LogDevObjectVersion:   Dev-Blueprints (B0D832E4-1F89-4F0D-ACCF-7EB736FD4AA2): 10
LogDevObjectVersion:   Dev-Build (E1C64328-A22C-4D53-A36C-8E866417BD8C): 0
LogDevObjectVersion:   Dev-Core (375EC13C-06E4-48FB-B500-84F0262A717E): 4
LogDevObjectVersion:   Dev-Editor (E4B068ED-F494-42E9-A231-DA0B2E46BB41): 40
LogDevObjectVersion:   Dev-Framework (CFFC743F-43B0-4480-9391-14DF171D2073): 37
LogDevObjectVersion:   Dev-Mobile (B02B49B5-BB20-44E9-A304-32B752E40360): 3
LogDevObjectVersion:   Dev-Networking (A4E4105C-59A1-49B5-A7C5-40C4547EDFEE): 0
LogDevObjectVersion:   Dev-Online (39C831C9-5AE6-47DC-9A44-9C173E1C8E7C): 0
LogDevObjectVersion:   Dev-Physics (78F01B33-EBEA-4F98-B9B4-84EACCB95AA2): 14
LogDevObjectVersion:   Dev-Platform (6631380F-2D4D-43E0-8009-CF276956A95A): 0
LogDevObjectVersion:   Dev-Rendering (12F88B9F-8875-4AFC-A67C-D90C383ABD29): 45
LogDevObjectVersion:   Dev-Sequencer (7B5AE74C-D270-4C10-A958-57980B212A5A): 13
LogDevObjectVersion:   Dev-VR (D7296918-1DD6-4BDD-9DE2-64A83CC13884): 3
LogDevObjectVersion:   Dev-LoadTimes (C2A15278-BFE7-4AFE-6C17-90FF531DF755): 1
LogDevObjectVersion:   Private-Geometry (6EACA3D4-40EC-4CC1-B786-8BED09428FC5): 3
LogDevObjectVersion:   Dev-AnimPhys (29E575DD-E0A3-4627-9D10-D276232CDCEA): 17
LogDevObjectVersion:   Dev-Anim (AF43A65D-7FD3-4947-9873-3E8ED9C1BB05): 15
LogDevObjectVersion:   Dev-ReflectionCapture (6B266CEC-1EC7-4B8F-A30B-E4D90942FC07): 1
LogDevObjectVersion:   Dev-Automation (0DF73D61-A23F-47EA-B727-89E90C41499A): 1
LogDevObjectVersion:   FortniteMain (601D1886-AC64-4F84-AA16-D3DE0DEAC7D6): 47
LogDevObjectVersion:   FortniteRelease (E7086368-6B23-4C58-8439-1B7016265E91): 1
LogDevObjectVersion:   Dev-Enterprise (9DFFBCD6-494F-0158-E221-12823C92A888): 10
LogDevObjectVersion:   Dev-Niagara (F2AED0AC-9AFE-416F-8664-AA7FFA26D6FC): 1
LogDevObjectVersion:   Dev-Destruction (174F1F0B-B4C6-45A5-B13F-2EE8D0FB917D): 10
LogDevObjectVersion:   Dev-Physics-Ext (35F94A83-E258-406C-A318-09F59610247C): 41
LogDevObjectVersion:   Dev-PhysicsMaterial-Chaos (B68FC16E-8B1B-42E2-B453-215C058844FE): 1
LogDevObjectVersion:   Dev-CineCamera (B2E18506-4273-CFC2-A54E-F4BB758BBA07): 1
LogDevObjectVersion:   Dev-VirtualProduction (64F58936-FD1B-42BA-BA96-7289D5D0FA4E): 1
LogDevObjectVersion:   Dev-MediaFramework (6F0ED827-A609-4895-9C91-998D90180EA4): 2
LogInit: Presizing for max 25165824 objects, including 0 objects not considered by GC, pre-allocating 0 bytes for permanent pool.
LogConfig: Applying CVar settings from Section [/Script/Engine.StreamingSettings] File [D:/MyEarth/OurEarth/Project_sung/Saved/Config/Windows/Engine.ini]
LogConfig: Setting CVar [[s.MinBulkDataSizeForAsyncLoading:131072]]
LogConfig: Setting CVar [[s.AsyncLoadingThreadEnabled:0]]
LogConfig: Setting CVar [[s.EventDrivenLoaderEnabled:1]]
LogConfig: Setting CVar [[s.WarnIfTimeLimitExceeded:0]]
LogConfig: Setting CVar [[s.TimeLimitExceededMultiplier:1.5]]
LogConfig: Setting CVar [[s.TimeLimitExceededMinTime:0.005]]
LogConfig: Setting CVar [[s.UseBackgroundLevelStreaming:1]]
LogConfig: Setting CVar [[s.PriorityAsyncLoadingExtraTime:15.0]]
LogConfig: Setting CVar [[s.LevelStreamingActorsUpdateTimeLimit:5.0]]
LogConfig: Setting CVar [[s.PriorityLevelStreamingActorsUpdateExtraTime:5.0]]
LogConfig: Setting CVar [[s.LevelStreamingComponentsRegistrationGranularity:10]]
LogConfig: Setting CVar [[s.UnregisterComponentsTimeLimit:1.0]]
LogConfig: Setting CVar [[s.LevelStreamingComponentsUnregistrationGranularity:5]]
LogConfig: Setting CVar [[s.FlushStreamingOnExit:1]]
LogInit: Object subsystem initialized
LogConfig: Setting CVar [[con.DebugEarlyDefault:1]]
LogConfig: Setting CVar [[r.setres:1280x720]]
[2022.05.19-08.22.36:609][  0]LogConfig: Setting CVar [[r.VSync:0]]
[2022.05.19-08.22.36:609][  0]LogConfig: Setting CVar [[r.RHICmdBypass:0]]
[2022.05.19-08.22.36:609][  0]LogConfig: Applying CVar settings from Section [/Script/Engine.RendererSettings] File [D:/MyEarth/OurEarth/Project_sung/Saved/Config/Windows/Engine.ini]
[2022.05.19-08.22.36:609][  0]LogConfig: Setting CVar [[r.GPUCrashDebugging:0]]
[2022.05.19-08.22.36:609][  0]LogConfig: Setting CVar [[r.SkinCache.CompileShaders:1]]
[2022.05.19-08.22.36:609][  0]LogConfig: Setting CVar [[r.RayTracing:1]]
[2022.05.19-08.22.36:609][  0]LogConfig: Applying CVar settings from Section [/Script/Engine.RendererOverrideSettings] File [D:/MyEarth/OurEarth/Project_sung/Saved/Config/Windows/Engine.ini]
[2022.05.19-08.22.36:609][  0]LogConfig: Applying CVar settings from Section [/Script/Engine.StreamingSettings] File [D:/MyEarth/OurEarth/Project_sung/Saved/Config/Windows/Engine.ini]
[2022.05.19-08.22.36:609][  0]LogConfig: Setting CVar [[s.MinBulkDataSizeForAsyncLoading:131072]]
[2022.05.19-08.22.36:609][  0]LogConfig: Setting CVar [[s.AsyncLoadingThreadEnabled:0]]
[2022.05.19-08.22.36:609][  0]LogConfig: Setting CVar [[s.EventDrivenLoaderEnabled:1]]
[2022.05.19-08.22.36:609][  0]LogConfig: Setting CVar [[s.WarnIfTimeLimitExceeded:0]]
[2022.05.19-08.22.36:609][  0]LogConfig: Setting CVar [[s.TimeLimitExceededMultiplier:1.5]]
[2022.05.19-08.22.36:609][  0]LogConfig: Setting CVar [[s.TimeLimitExceededMinTime:0.005]]
[2022.05.19-08.22.36:609][  0]LogConfig: Setting CVar [[s.UseBackgroundLevelStreaming:1]]
[2022.05.19-08.22.36:609][  0]LogConfig: Setting CVar [[s.PriorityAsyncLoadingExtraTime:15.0]]
[2022.05.19-08.22.36:609][  0]LogConfig: Setting CVar [[s.LevelStreamingActorsUpdateTimeLimit:5.0]]
[2022.05.19-08.22.36:609][  0]LogConfig: Setting CVar [[s.PriorityLevelStreamingActorsUpdateExtraTime:5.0]]
[2022.05.19-08.22.36:609][  0]LogConfig: Setting CVar [[s.LevelStreamingComponentsRegistrationGranularity:10]]
[2022.05.19-08.22.36:609][  0]LogConfig: Setting CVar [[s.UnregisterComponentsTimeLimit:1.0]]
[2022.05.19-08.22.36:609][  0]LogConfig: Setting CVar [[s.LevelStreamingComponentsUnregistrationGranularity:5]]
[2022.05.19-08.22.36:609][  0]LogConfig: Setting CVar [[s.FlushStreamingOnExit:1]]
[2022.05.19-08.22.36:609][  0]LogConfig: Applying CVar settings from Section [/Script/Engine.GarbageCollectionSettings] File [D:/MyEarth/OurEarth/Project_sung/Saved/Config/Windows/Engine.ini]
[2022.05.19-08.22.36:609][  0]LogConfig: Setting CVar [[gc.MaxObjectsNotConsideredByGC:1]]
[2022.05.19-08.22.36:609][  0]LogConfig: Setting CVar [[gc.SizeOfPermanentObjectPool:0]]
[2022.05.19-08.22.36:609][  0]LogConfig: Setting CVar [[gc.FlushStreamingOnGC:0]]
[2022.05.19-08.22.36:609][  0]LogConfig: Setting CVar [[gc.NumRetriesBeforeForcingGC:10]]
[2022.05.19-08.22.36:609][  0]LogConfig: Setting CVar [[gc.AllowParallelGC:1]]
[2022.05.19-08.22.36:609][  0]LogConfig: Setting CVar [[gc.TimeBetweenPurgingPendingKillObjects:61.1]]
[2022.05.19-08.22.36:609][  0]LogConfig: Setting CVar [[gc.MaxObjectsInEditor:25165824]]
[2022.05.19-08.22.36:609][  0]LogConfig: Setting CVar [[gc.IncrementalBeginDestroyEnabled:1]]
[2022.05.19-08.22.36:609][  0]LogConfig: Setting CVar [[gc.CreateGCClusters:1]]
[2022.05.19-08.22.36:609][  0]LogConfig: Setting CVar [[gc.MinGCClusterSize:5]]
[2022.05.19-08.22.36:609][  0]LogConfig: Setting CVar [[gc.ActorClusteringEnabled:0]]
[2022.05.19-08.22.36:609][  0]LogConfig: Setting CVar [[gc.BlueprintClusteringEnabled:0]]
[2022.05.19-08.22.36:609][  0]LogConfig: Setting CVar [[gc.UseDisregardForGCOnDedicatedServers:0]]
[2022.05.19-08.22.36:609][  0]LogConfig: Setting CVar [[gc.MultithreadedDestructionEnabled:1]]
[2022.05.19-08.22.36:609][  0]LogConfig: Applying CVar settings from Section [/Script/Engine.NetworkSettings] File [D:/MyEarth/OurEarth/Project_sung/Saved/Config/Windows/Engine.ini]
[2022.05.19-08.22.36:609][  0]LogConfig: Applying CVar settings from Section [/Script/UnrealEd.CookerSettings] File [D:/MyEarth/OurEarth/Project_sung/Saved/Config/Windows/Engine.ini]
[2022.05.19-08.22.36:632][  0]LogConfig: Applying CVar settings from Section [ViewDistanceQuality@3] File [D:/MyEarth/OurEarth/Project_sung/Saved/Config/Windows/Scalability.ini]
[2022.05.19-08.22.36:632][  0]LogConfig: Setting CVar [[r.SkeletalMeshLODBias:0]]
[2022.05.19-08.22.36:632][  0]LogConfig: Setting CVar [[r.ViewDistanceScale:1.0]]
[2022.05.19-08.22.36:632][  0]LogConfig: Applying CVar settings from Section [AntiAliasingQuality@3] File [D:/MyEarth/OurEarth/Project_sung/Saved/Config/Windows/Scalability.ini]
[2022.05.19-08.22.36:632][  0]LogConfig: Setting CVar [[r.PostProcessAAQuality:4]]
[2022.05.19-08.22.36:632][  0]LogConfig: Applying CVar settings from Section [ShadowQuality@3] File [D:/MyEarth/OurEarth/Project_sung/Saved/Config/Windows/Scalability.ini]
[2022.05.19-08.22.36:633][  0]LogConfig: Setting CVar [[r.LightFunctionQuality:1]]
[2022.05.19-08.22.36:633][  0]LogConfig: Setting CVar [[r.ShadowQuality:5]]
[2022.05.19-08.22.36:633][  0]LogConfig: Setting CVar [[r.Shadow.CSM.MaxCascades:10]]
[2022.05.19-08.22.36:633][  0]LogConfig: Setting CVar [[r.Shadow.MaxResolution:2048]]
[2022.05.19-08.22.36:633][  0]LogConfig: Setting CVar [[r.Shadow.MaxCSMResolution:2048]]
[2022.05.19-08.22.36:633][  0]LogConfig: Setting CVar [[r.Shadow.RadiusThreshold:0.01]]
[2022.05.19-08.22.36:633][  0]LogConfig: Setting CVar [[r.Shadow.DistanceScale:1.0]]
[2022.05.19-08.22.36:633][  0]LogConfig: Setting CVar [[r.Shadow.CSM.TransitionScale:1.0]]
[2022.05.19-08.22.36:633][  0]LogConfig: Setting CVar [[r.Shadow.PreShadowResolutionFactor:1.0]]
[2022.05.19-08.22.36:633][  0]LogConfig: Setting CVar [[r.DistanceFieldShadowing:1]]
[2022.05.19-08.22.36:633][  0]LogConfig: Setting CVar [[r.DistanceFieldAO:1]]
[2022.05.19-08.22.36:633][  0]LogConfig: Setting CVar [[r.AOQuality:2]]
[2022.05.19-08.22.36:633][  0]LogConfig: Setting CVar [[r.VolumetricFog:1]]
[2022.05.19-08.22.36:633][  0]LogConfig: Setting CVar [[r.VolumetricFog.GridPixelSize:8]]
[2022.05.19-08.22.36:633][  0]LogConfig: Setting CVar [[r.VolumetricFog.GridSizeZ:128]]
[2022.05.19-08.22.36:633][  0]LogConfig: Setting CVar [[r.VolumetricFog.HistoryMissSupersampleCount:4]]
[2022.05.19-08.22.36:633][  0]LogConfig: Setting CVar [[r.LightMaxDrawDistanceScale:1]]
[2022.05.19-08.22.36:633][  0]LogConfig: Setting CVar [[r.CapsuleShadows:1]]
[2022.05.19-08.22.36:633][  0]LogConfig: Applying CVar settings from Section [PostProcessQuality@3] File [D:/MyEarth/OurEarth/Project_sung/Saved/Config/Windows/Scalability.ini]
[2022.05.19-08.22.36:633][  0]LogConfig: Setting CVar [[r.MotionBlurQuality:4]]
[2022.05.19-08.22.36:633][  0]LogConfig: Setting CVar [[r.AmbientOcclusionMipLevelFactor:0.4]]
[2022.05.19-08.22.36:633][  0]LogConfig: Setting CVar [[r.AmbientOcclusionMaxQuality:100]]
[2022.05.19-08.22.36:633][  0]LogConfig: Setting CVar [[r.AmbientOcclusionLevels:-1]]
[2022.05.19-08.22.36:633][  0]LogConfig: Setting CVar [[r.AmbientOcclusionRadiusScale:1.0]]
[2022.05.19-08.22.36:633][  0]LogConfig: Setting CVar [[r.DepthOfFieldQuality:2]]
[2022.05.19-08.22.36:633][  0]LogConfig: Setting CVar [[r.RenderTargetPoolMin:400]]
[2022.05.19-08.22.36:633][  0]LogConfig: Setting CVar [[r.LensFlareQuality:2]]
[2022.05.19-08.22.36:633][  0]LogConfig: Setting CVar [[r.SceneColorFringeQuality:1]]
[2022.05.19-08.22.36:633][  0]LogConfig: Setting CVar [[r.EyeAdaptationQuality:2]]
[2022.05.19-08.22.36:633][  0]LogConfig: Setting CVar [[r.BloomQuality:5]]
[2022.05.19-08.22.36:633][  0]LogConfig: Setting CVar [[r.FastBlurThreshold:100]]
[2022.05.19-08.22.36:633][  0]LogConfig: Setting CVar [[r.Upscale.Quality:3]]
[2022.05.19-08.22.36:633][  0]LogConfig: Setting CVar [[r.Tonemapper.GrainQuantization:1]]
[2022.05.19-08.22.36:633][  0]LogConfig: Setting CVar [[r.LightShaftQuality:1]]
[2022.05.19-08.22.36:633][  0]LogConfig: Setting CVar [[r.Filter.SizeScale:1]]
[2022.05.19-08.22.36:633][  0]LogConfig: Setting CVar [[r.Tonemapper.Quality:5]]
[2022.05.19-08.22.36:633][  0]LogConfig: Setting CVar [[r.DOF.Gather.AccumulatorQuality:1        ; higher gathering accumulator quality]]
[2022.05.19-08.22.36:633][  0]LogConfig: Setting CVar [[r.DOF.Gather.PostfilterMethod:1          ; Median3x3 postfilering method]]
[2022.05.19-08.22.36:633][  0]LogConfig: Setting CVar [[r.DOF.Gather.EnableBokehSettings:0       ; no bokeh simulation when gathering]]
[2022.05.19-08.22.36:633][  0]LogConfig: Setting CVar [[r.DOF.Gather.RingCount:4                 ; medium number of samples when gathering]]
[2022.05.19-08.22.36:633][  0]LogConfig: Setting CVar [[r.DOF.Scatter.ForegroundCompositing:1    ; additive foreground scattering]]
[2022.05.19-08.22.36:633][  0]LogConfig: Setting CVar [[r.DOF.Scatter.BackgroundCompositing:2    ; additive background scattering]]
[2022.05.19-08.22.36:633][  0]LogConfig: Setting CVar [[r.DOF.Scatter.EnableBokehSettings:1      ; bokeh simulation when scattering]]
[2022.05.19-08.22.36:633][  0]LogConfig: Setting CVar [[r.DOF.Scatter.MaxSpriteRatio:0.1         ; only a maximum of 10% of scattered bokeh]]
[2022.05.19-08.22.36:633][  0]LogConfig: Setting CVar [[r.DOF.Recombine.Quality:1                ; cheap slight out of focus]]
[2022.05.19-08.22.36:633][  0]LogConfig: Setting CVar [[r.DOF.Recombine.EnableBokehSettings:0    ; no bokeh simulation on slight out of focus]]
[2022.05.19-08.22.36:633][  0]LogConfig: Setting CVar [[r.DOF.TemporalAAQuality:1                ; more stable temporal accumulation]]
[2022.05.19-08.22.36:633][  0]LogConfig: Setting CVar [[r.DOF.Kernel.MaxForegroundRadius:0.025]]
[2022.05.19-08.22.36:633][  0]LogConfig: Setting CVar [[r.DOF.Kernel.MaxBackgroundRadius:0.025]]
[2022.05.19-08.22.36:633][  0]LogConfig: Applying CVar settings from Section [TextureQuality@3] File [D:/MyEarth/OurEarth/Project_sung/Saved/Config/Windows/Scalability.ini]
[2022.05.19-08.22.36:633][  0]LogConfig: Setting CVar [[r.Streaming.MipBias:0]]
[2022.05.19-08.22.36:633][  0]LogConfig: Setting CVar [[r.Streaming.AmortizeCPUToGPUCopy:0]]
[2022.05.19-08.22.36:633][  0]LogConfig: Setting CVar [[r.Streaming.MaxNumTexturesToStreamPerFrame:0]]
[2022.05.19-08.22.36:633][  0]LogConfig: Setting CVar [[r.Streaming.Boost:1]]
[2022.05.19-08.22.36:633][  0]LogConfig: Setting CVar [[r.MaxAnisotropy:8]]
[2022.05.19-08.22.36:633][  0]LogConfig: Setting CVar [[r.VT.MaxAnisotropy:8]]
[2022.05.19-08.22.36:633][  0]LogConfig: Setting CVar [[r.Streaming.LimitPoolSizeToVRAM:0]]
[2022.05.19-08.22.36:633][  0]LogConfig: Setting CVar [[r.Streaming.PoolSize:1000]]
[2022.05.19-08.22.36:633][  0]LogConfig: Setting CVar [[r.Streaming.MaxEffectiveScreenSize:0]]
[2022.05.19-08.22.36:633][  0]LogConfig: Applying CVar settings from Section [EffectsQuality@3] File [D:/MyEarth/OurEarth/Project_sung/Saved/Config/Windows/Scalability.ini]
[2022.05.19-08.22.36:633][  0]LogConfig: Setting CVar [[r.TranslucencyLightingVolumeDim:64]]
[2022.05.19-08.22.36:633][  0]LogConfig: Setting CVar [[r.RefractionQuality:2]]
[2022.05.19-08.22.36:633][  0]LogConfig: Setting CVar [[r.SSR.Quality:3]]
[2022.05.19-08.22.36:633][  0]LogConfig: Setting CVar [[r.SSR.HalfResSceneColor:0]]
[2022.05.19-08.22.36:633][  0]LogConfig: Setting CVar [[r.SceneColorFormat:4]]
[2022.05.19-08.22.36:633][  0]LogConfig: Setting CVar [[r.DetailMode:2]]
[2022.05.19-08.22.36:633][  0]LogConfig: Setting CVar [[r.TranslucencyVolumeBlur:1]]
[2022.05.19-08.22.36:633][  0]LogConfig: Setting CVar [[r.MaterialQualityLevel:1 ; High quality]]
[2022.05.19-08.22.36:633][  0]LogConfig: Setting CVar [[r.AnisotropicMaterials:1]]
[2022.05.19-08.22.36:633][  0]LogConfig: Setting CVar [[r.SSS.Scale:1]]
[2022.05.19-08.22.36:633][  0]LogConfig: Setting CVar [[r.SSS.SampleSet:2]]
[2022.05.19-08.22.36:633][  0]LogConfig: Setting CVar [[r.SSS.Quality:1]]
[2022.05.19-08.22.36:633][  0]LogConfig: Setting CVar [[r.SSS.HalfRes:0]]
[2022.05.19-08.22.36:633][  0]LogConfig: Setting CVar [[r.SSGI.Quality:3]]
[2022.05.19-08.22.36:633][  0]LogConfig: Setting CVar [[r.EmitterSpawnRateScale:1.0]]
[2022.05.19-08.22.36:633][  0]LogConfig: Setting CVar [[r.ParticleLightQuality:2]]
[2022.05.19-08.22.36:633][  0]LogConfig: Setting CVar [[r.SkyAtmosphere.AerialPerspectiveLUT.FastApplyOnOpaque:1 ; Always have FastSkyLUT 1 in this case to avoid wrong sky]]
[2022.05.19-08.22.36:633][  0]LogConfig: Setting CVar [[r.SkyAtmosphere.AerialPerspectiveLUT.SampleCountMaxPerSlice:4]]
[2022.05.19-08.22.36:633][  0]LogConfig: Setting CVar [[r.SkyAtmosphere.AerialPerspectiveLUT.DepthResolution:16.0]]
[2022.05.19-08.22.36:634][  0]LogConfig: Setting CVar [[r.SkyAtmosphere.FastSkyLUT:1]]
[2022.05.19-08.22.36:634][  0]LogConfig: Setting CVar [[r.SkyAtmosphere.FastSkyLUT.SampleCountMin:4.0]]
[2022.05.19-08.22.36:634][  0]LogConfig: Setting CVar [[r.SkyAtmosphere.FastSkyLUT.SampleCountMax:128.0]]
[2022.05.19-08.22.36:634][  0]LogConfig: Setting CVar [[r.SkyAtmosphere.SampleCountMin:4.0]]
[2022.05.19-08.22.36:634][  0]LogConfig: Setting CVar [[r.SkyAtmosphere.SampleCountMax:128.0]]
[2022.05.19-08.22.36:634][  0]LogConfig: Setting CVar [[r.SkyAtmosphere.TransmittanceLUT.UseSmallFormat:0]]
[2022.05.19-08.22.36:634][  0]LogConfig: Setting CVar [[r.SkyAtmosphere.TransmittanceLUT.SampleCount:10.0]]
[2022.05.19-08.22.36:634][  0]LogConfig: Setting CVar [[r.SkyAtmosphere.MultiScatteringLUT.SampleCount:15.0]]
[2022.05.19-08.22.36:634][  0]LogConfig: Setting CVar [[r.SkyLight.RealTimeReflectionCapture:1]]
[2022.05.19-08.22.36:634][  0]LogConfig: Applying CVar settings from Section [FoliageQuality@3] File [D:/MyEarth/OurEarth/Project_sung/Saved/Config/Windows/Scalability.ini]
[2022.05.19-08.22.36:634][  0]LogConfig: Setting CVar [[foliage.DensityScale:1.0]]
[2022.05.19-08.22.36:634][  0]LogConfig: Setting CVar [[grass.DensityScale:1.0]]
[2022.05.19-08.22.36:634][  0]LogConfig: Applying CVar settings from Section [ShadingQuality@3] File [D:/MyEarth/OurEarth/Project_sung/Saved/Config/Windows/Scalability.ini]
[2022.05.19-08.22.36:634][  0]LogConfig: Setting CVar [[r.HairStrands.SkyLighting.IntegrationType:2]]
[2022.05.19-08.22.36:634][  0]LogConfig: Setting CVar [[r.HairStrands.SkyAO.SampleCount:4]]
[2022.05.19-08.22.36:634][  0]LogConfig: Setting CVar [[r.HairStrands.Visibility.MSAA.SamplePerPixel:4]]
[2022.05.19-08.22.36:634][  0]LogInit: Selected Device Profile: [Windows]
[2022.05.19-08.22.36:634][  0]LogInit: Applying CVar settings loaded from the selected device profile: [Windows]
[2022.05.19-08.22.36:634][  0]LogHAL: Display: Platform has ~ 8 GB [8425897984 / 8589934592 / 8], which maps to Default [LargestMinGB=32, LargerMinGB=12, DefaultMinGB=8, SmallerMinGB=6, SmallestMinGB=0)
[2022.05.19-08.22.36:634][  0]LogInit: Going up to parent DeviceProfile []
[2022.05.19-08.22.36:634][  0]LogConfig: Applying CVar settings from Section [ViewDistanceQuality@3] File [D:/MyEarth/OurEarth/Project_sung/Saved/Config/Windows/Scalability.ini]
[2022.05.19-08.22.36:634][  0]LogConfig: Setting CVar [[r.SkeletalMeshLODBias:0]]
[2022.05.19-08.22.36:634][  0]LogConfig: Setting CVar [[r.ViewDistanceScale:1.0]]
[2022.05.19-08.22.36:634][  0]LogConfig: Applying CVar settings from Section [AntiAliasingQuality@3] File [D:/MyEarth/OurEarth/Project_sung/Saved/Config/Windows/Scalability.ini]
[2022.05.19-08.22.36:634][  0]LogConfig: Setting CVar [[r.PostProcessAAQuality:4]]
[2022.05.19-08.22.36:634][  0]LogConfig: Applying CVar settings from Section [ShadowQuality@3] File [D:/MyEarth/OurEarth/Project_sung/Saved/Config/Windows/Scalability.ini]
[2022.05.19-08.22.36:634][  0]LogConfig: Setting CVar [[r.LightFunctionQuality:1]]
[2022.05.19-08.22.36:634][  0]LogConfig: Setting CVar [[r.ShadowQuality:5]]
[2022.05.19-08.22.36:634][  0]LogConfig: Setting CVar [[r.Shadow.CSM.MaxCascades:10]]
[2022.05.19-08.22.36:634][  0]LogConfig: Setting CVar [[r.Shadow.MaxResolution:2048]]
[2022.05.19-08.22.36:634][  0]LogConfig: Setting CVar [[r.Shadow.MaxCSMResolution:2048]]
[2022.05.19-08.22.36:634][  0]LogConfig: Setting CVar [[r.Shadow.RadiusThreshold:0.01]]
[2022.05.19-08.22.36:634][  0]LogConfig: Setting CVar [[r.Shadow.DistanceScale:1.0]]
[2022.05.19-08.22.36:634][  0]LogConfig: Setting CVar [[r.Shadow.CSM.TransitionScale:1.0]]
[2022.05.19-08.22.36:634][  0]LogConfig: Setting CVar [[r.Shadow.PreShadowResolutionFactor:1.0]]
[2022.05.19-08.22.36:634][  0]LogConfig: Setting CVar [[r.DistanceFieldShadowing:1]]
[2022.05.19-08.22.36:634][  0]LogConfig: Setting CVar [[r.DistanceFieldAO:1]]
[2022.05.19-08.22.36:634][  0]LogConfig: Setting CVar [[r.AOQuality:2]]
[2022.05.19-08.22.36:634][  0]LogConfig: Setting CVar [[r.VolumetricFog:1]]
[2022.05.19-08.22.36:634][  0]LogConfig: Setting CVar [[r.VolumetricFog.GridPixelSize:8]]
[2022.05.19-08.22.36:634][  0]LogConfig: Setting CVar [[r.VolumetricFog.GridSizeZ:128]]
[2022.05.19-08.22.36:634][  0]LogConfig: Setting CVar [[r.VolumetricFog.HistoryMissSupersampleCount:4]]
[2022.05.19-08.22.36:634][  0]LogConfig: Setting CVar [[r.LightMaxDrawDistanceScale:1]]
[2022.05.19-08.22.36:634][  0]LogConfig: Setting CVar [[r.CapsuleShadows:1]]
[2022.05.19-08.22.36:634][  0]LogConfig: Applying CVar settings from Section [PostProcessQuality@3] File [D:/MyEarth/OurEarth/Project_sung/Saved/Config/Windows/Scalability.ini]
[2022.05.19-08.22.36:634][  0]LogConfig: Setting CVar [[r.MotionBlurQuality:4]]
[2022.05.19-08.22.36:634][  0]LogConfig: Setting CVar [[r.AmbientOcclusionMipLevelFactor:0.4]]
[2022.05.19-08.22.36:634][  0]LogConfig: Setting CVar [[r.AmbientOcclusionMaxQuality:100]]
[2022.05.19-08.22.36:634][  0]LogConfig: Setting CVar [[r.AmbientOcclusionLevels:-1]]
[2022.05.19-08.22.36:634][  0]LogConfig: Setting CVar [[r.AmbientOcclusionRadiusScale:1.0]]
[2022.05.19-08.22.36:634][  0]LogConfig: Setting CVar [[r.DepthOfFieldQuality:2]]
[2022.05.19-08.22.36:634][  0]LogConfig: Setting CVar [[r.RenderTargetPoolMin:400]]
[2022.05.19-08.22.36:634][  0]LogConfig: Setting CVar [[r.LensFlareQuality:2]]
[2022.05.19-08.22.36:634][  0]LogConfig: Setting CVar [[r.SceneColorFringeQuality:1]]
[2022.05.19-08.22.36:634][  0]LogConfig: Setting CVar [[r.EyeAdaptationQuality:2]]
[2022.05.19-08.22.36:634][  0]LogConfig: Setting CVar [[r.BloomQuality:5]]
[2022.05.19-08.22.36:634][  0]LogConfig: Setting CVar [[r.FastBlurThreshold:100]]
[2022.05.19-08.22.36:634][  0]LogConfig: Setting CVar [[r.Upscale.Quality:3]]
[2022.05.19-08.22.36:634][  0]LogConfig: Setting CVar [[r.Tonemapper.GrainQuantization:1]]
[2022.05.19-08.22.36:634][  0]LogConfig: Setting CVar [[r.LightShaftQuality:1]]
[2022.05.19-08.22.36:634][  0]LogConfig: Setting CVar [[r.Filter.SizeScale:1]]
[2022.05.19-08.22.36:634][  0]LogConfig: Setting CVar [[r.Tonemapper.Quality:5]]
[2022.05.19-08.22.36:634][  0]LogConfig: Setting CVar [[r.DOF.Gather.AccumulatorQuality:1        ; higher gathering accumulator quality]]
[2022.05.19-08.22.36:634][  0]LogConfig: Setting CVar [[r.DOF.Gather.PostfilterMethod:1          ; Median3x3 postfilering method]]
[2022.05.19-08.22.36:634][  0]LogConfig: Setting CVar [[r.DOF.Gather.EnableBokehSettings:0       ; no bokeh simulation when gathering]]
[2022.05.19-08.22.36:634][  0]LogConfig: Setting CVar [[r.DOF.Gather.RingCount:4                 ; medium number of samples when gathering]]
[2022.05.19-08.22.36:634][  0]LogConfig: Setting CVar [[r.DOF.Scatter.ForegroundCompositing:1    ; additive foreground scattering]]
[2022.05.19-08.22.36:634][  0]LogConfig: Setting CVar [[r.DOF.Scatter.BackgroundCompositing:2    ; additive background scattering]]
[2022.05.19-08.22.36:634][  0]LogConfig: Setting CVar [[r.DOF.Scatter.EnableBokehSettings:1      ; bokeh simulation when scattering]]
[2022.05.19-08.22.36:634][  0]LogConfig: Setting CVar [[r.DOF.Scatter.MaxSpriteRatio:0.1         ; only a maximum of 10% of scattered bokeh]]
[2022.05.19-08.22.36:634][  0]LogConfig: Setting CVar [[r.DOF.Recombine.Quality:1                ; cheap slight out of focus]]
[2022.05.19-08.22.36:634][  0]LogConfig: Setting CVar [[r.DOF.Recombine.EnableBokehSettings:0    ; no bokeh simulation on slight out of focus]]
[2022.05.19-08.22.36:634][  0]LogConfig: Setting CVar [[r.DOF.TemporalAAQuality:1                ; more stable temporal accumulation]]
[2022.05.19-08.22.36:634][  0]LogConfig: Setting CVar [[r.DOF.Kernel.MaxForegroundRadius:0.025]]
[2022.05.19-08.22.36:634][  0]LogConfig: Setting CVar [[r.DOF.Kernel.MaxBackgroundRadius:0.025]]
[2022.05.19-08.22.36:634][  0]LogConfig: Applying CVar settings from Section [TextureQuality@3] File [D:/MyEarth/OurEarth/Project_sung/Saved/Config/Windows/Scalability.ini]
[2022.05.19-08.22.36:634][  0]LogConfig: Setting CVar [[r.Streaming.MipBias:0]]
[2022.05.19-08.22.36:634][  0]LogConfig: Setting CVar [[r.Streaming.AmortizeCPUToGPUCopy:0]]
[2022.05.19-08.22.36:635][  0]LogConfig: Setting CVar [[r.Streaming.MaxNumTexturesToStreamPerFrame:0]]
[2022.05.19-08.22.36:635][  0]LogConfig: Setting CVar [[r.Streaming.Boost:1]]
[2022.05.19-08.22.36:635][  0]LogConfig: Setting CVar [[r.MaxAnisotropy:8]]
[2022.05.19-08.22.36:635][  0]LogConfig: Setting CVar [[r.VT.MaxAnisotropy:8]]
[2022.05.19-08.22.36:635][  0]LogConfig: Setting CVar [[r.Streaming.LimitPoolSizeToVRAM:0]]
[2022.05.19-08.22.36:635][  0]LogConfig: Setting CVar [[r.Streaming.PoolSize:1000]]
[2022.05.19-08.22.36:635][  0]LogConfig: Setting CVar [[r.Streaming.MaxEffectiveScreenSize:0]]
[2022.05.19-08.22.36:635][  0]LogConfig: Applying CVar settings from Section [EffectsQuality@3] File [D:/MyEarth/OurEarth/Project_sung/Saved/Config/Windows/Scalability.ini]
[2022.05.19-08.22.36:635][  0]LogConfig: Setting CVar [[r.TranslucencyLightingVolumeDim:64]]
[2022.05.19-08.22.36:635][  0]LogConfig: Setting CVar [[r.RefractionQuality:2]]
[2022.05.19-08.22.36:635][  0]LogConfig: Setting CVar [[r.SSR.Quality:3]]
[2022.05.19-08.22.36:635][  0]LogConfig: Setting CVar [[r.SSR.HalfResSceneColor:0]]
[2022.05.19-08.22.36:635][  0]LogConfig: Setting CVar [[r.SceneColorFormat:4]]
[2022.05.19-08.22.36:635][  0]LogConfig: Setting CVar [[r.DetailMode:2]]
[2022.05.19-08.22.36:635][  0]LogConfig: Setting CVar [[r.TranslucencyVolumeBlur:1]]
[2022.05.19-08.22.36:635][  0]LogConfig: Setting CVar [[r.MaterialQualityLevel:1 ; High quality]]
[2022.05.19-08.22.36:635][  0]LogConfig: Setting CVar [[r.AnisotropicMaterials:1]]
[2022.05.19-08.22.36:635][  0]LogConfig: Setting CVar [[r.SSS.Scale:1]]
[2022.05.19-08.22.36:635][  0]LogConfig: Setting CVar [[r.SSS.SampleSet:2]]
[2022.05.19-08.22.36:635][  0]LogConfig: Setting CVar [[r.SSS.Quality:1]]
[2022.05.19-08.22.36:635][  0]LogConfig: Setting CVar [[r.SSS.HalfRes:0]]
[2022.05.19-08.22.36:635][  0]LogConfig: Setting CVar [[r.SSGI.Quality:3]]
[2022.05.19-08.22.36:635][  0]LogConfig: Setting CVar [[r.EmitterSpawnRateScale:1.0]]
[2022.05.19-08.22.36:635][  0]LogConfig: Setting CVar [[r.ParticleLightQuality:2]]
[2022.05.19-08.22.36:635][  0]LogConfig: Setting CVar [[r.SkyAtmosphere.AerialPerspectiveLUT.FastApplyOnOpaque:1 ; Always have FastSkyLUT 1 in this case to avoid wrong sky]]
[2022.05.19-08.22.36:635][  0]LogConfig: Setting CVar [[r.SkyAtmosphere.AerialPerspectiveLUT.SampleCountMaxPerSlice:4]]
[2022.05.19-08.22.36:635][  0]LogConfig: Setting CVar [[r.SkyAtmosphere.AerialPerspectiveLUT.DepthResolution:16.0]]
[2022.05.19-08.22.36:635][  0]LogConfig: Setting CVar [[r.SkyAtmosphere.FastSkyLUT:1]]
[2022.05.19-08.22.36:635][  0]LogConfig: Setting CVar [[r.SkyAtmosphere.FastSkyLUT.SampleCountMin:4.0]]
[2022.05.19-08.22.36:635][  0]LogConfig: Setting CVar [[r.SkyAtmosphere.FastSkyLUT.SampleCountMax:128.0]]
[2022.05.19-08.22.36:635][  0]LogConfig: Setting CVar [[r.SkyAtmosphere.SampleCountMin:4.0]]
[2022.05.19-08.22.36:635][  0]LogConfig: Setting CVar [[r.SkyAtmosphere.SampleCountMax:128.0]]
[2022.05.19-08.22.36:635][  0]LogConfig: Setting CVar [[r.SkyAtmosphere.TransmittanceLUT.UseSmallFormat:0]]
[2022.05.19-08.22.36:635][  0]LogConfig: Setting CVar [[r.SkyAtmosphere.TransmittanceLUT.SampleCount:10.0]]
[2022.05.19-08.22.36:635][  0]LogConfig: Setting CVar [[r.SkyAtmosphere.MultiScatteringLUT.SampleCount:15.0]]
[2022.05.19-08.22.36:635][  0]LogConfig: Setting CVar [[r.SkyLight.RealTimeReflectionCapture:1]]
[2022.05.19-08.22.36:635][  0]LogConfig: Applying CVar settings from Section [FoliageQuality@3] File [D:/MyEarth/OurEarth/Project_sung/Saved/Config/Windows/Scalability.ini]
[2022.05.19-08.22.36:635][  0]LogConfig: Setting CVar [[foliage.DensityScale:1.0]]
[2022.05.19-08.22.36:635][  0]LogConfig: Setting CVar [[grass.DensityScale:1.0]]
[2022.05.19-08.22.36:635][  0]LogConfig: Applying CVar settings from Section [ShadingQuality@3] File [D:/MyEarth/OurEarth/Project_sung/Saved/Config/Windows/Scalability.ini]
[2022.05.19-08.22.36:635][  0]LogConfig: Setting CVar [[r.HairStrands.SkyLighting.IntegrationType:2]]
[2022.05.19-08.22.36:635][  0]LogConfig: Setting CVar [[r.HairStrands.SkyAO.SampleCount:4]]
[2022.05.19-08.22.36:635][  0]LogConfig: Setting CVar [[r.HairStrands.Visibility.MSAA.SamplePerPixel:4]]
[2022.05.19-08.22.36:635][  0]LogConfig: Applying CVar settings from Section [Startup] File [../../../Engine/Config/ConsoleVariables.ini]
[2022.05.19-08.22.36:636][  0]LogConfig: Setting CVar [[net.UseAdaptiveNetUpdateFrequency:0]]
[2022.05.19-08.22.36:636][  0]LogConfig: Setting CVar [[p.chaos.AllowCreatePhysxBodies:1]]
[2022.05.19-08.22.36:636][  0]LogConfig: Setting CVar [[fx.SkipVectorVMBackendOptimizations:1]]
[2022.05.19-08.22.36:636][  0]LogConfig: Applying CVar settings from Section [ConsoleVariables] File [D:/MyEarth/OurEarth/Project_sung/Saved/Config/Windows/Engine.ini]
[2022.05.19-08.22.36:636][  0]LogConfig: Applying CVar settings from Section [ConsoleVariables] File [D:/MyEarth/OurEarth/Project_sung/Saved/Config/Windows/Editor.ini]
[2022.05.19-08.22.36:636][  0]LogInit: Computer: DESKTOP-EICK2M9
[2022.05.19-08.22.36:636][  0]LogInit: User: adria
[2022.05.19-08.22.36:636][  0]LogInit: CPU Page size=4096, Cores=6
[2022.05.19-08.22.36:636][  0]LogInit: High frequency timer resolution =10.000000 MHz
[2022.05.19-08.22.36:636][  0]LogMemory: Memory total: Physical=7.8GB (8GB approx)
[2022.05.19-08.22.36:636][  0]LogMemory: Platform Memory Stats for Windows
[2022.05.19-08.22.36:636][  0]LogMemory: Process Physical Memory: 147.58 MB used, 147.58 MB peak
[2022.05.19-08.22.36:636][  0]LogMemory: Process Virtual Memory: 132.14 MB used, 132.14 MB peak
[2022.05.19-08.22.36:636][  0]LogMemory: Physical Memory: 6461.84 MB used,  1573.72 MB free, 8035.56 MB total
[2022.05.19-08.22.36:636][  0]LogMemory: Virtual Memory: 134214040.00 MB used,  3685.40 MB free, 134217728.00 MB total
[2022.05.19-08.22.36:646][  0]LogWindows: WindowsPlatformFeatures enabled
[2022.05.19-08.22.36:686][  0]LogInit: Physics initialised using underlying interface: PhysX
[2022.05.19-08.22.36:687][  0]LogInit: Overriding language with editor language configuration option (en).
[2022.05.19-08.22.36:687][  0]LogInit: Using OS detected locale (ko-KR).
[2022.05.19-08.22.36:898][  0]LogInit: Setting process to per monitor DPI aware
[2022.05.19-08.22.36:942][  0]LogWindowsTextInputMethodSystem: Display: IME system deactivated.
[2022.05.19-08.22.36:957][  0]LogSlate: New Slate User Created.  User Index 0, Is Virtual User: 0
[2022.05.19-08.22.36:957][  0]LogSlate: Slate User Registered.  User Index 0, Is Virtual User: 0
[2022.05.19-08.22.37:180][  0]LogD3D12RHI: Aftermath initialized
[2022.05.19-08.22.37:180][  0]LogD3D12RHI: Loading WinPixEventRuntime.dll for PIX profiling (from ../../../Engine/Binaries/ThirdParty/Windows/WinPixEventRuntime/x64).
[2022.05.19-08.22.37:230][  0]LogHMD: Failed to initialize OpenVR with code 110
[2022.05.19-08.22.37:369][  0]LogD3D12RHI: Found D3D12 adapter 0: NVIDIA GeForce GTX 1050 Ti with Max-Q Design (Max supported Feature Level 12_1)
[2022.05.19-08.22.37:369][  0]LogD3D12RHI: Adapter has 4021MB of dedicated video memory, 0MB of dedicated system memory, and 4017MB of shared system memory, 1 output[s]
[2022.05.19-08.22.37:448][  0]LogD3D12RHI: Found D3D12 adapter 1: Intel(R) UHD Graphics 630 (Max supported Feature Level 12_1)
[2022.05.19-08.22.37:448][  0]LogD3D12RHI: Adapter has 128MB of dedicated video memory, 0MB of dedicated system memory, and 4017MB of shared system memory, 0 output[s]
[2022.05.19-08.22.37:469][  0]LogD3D12RHI: Found D3D12 adapter 2: Microsoft Basic Render Driver (Max supported Feature Level 12_1)
[2022.05.19-08.22.37:469][  0]LogD3D12RHI: Adapter has 0MB of dedicated video memory, 0MB of dedicated system memory, and 4017MB of shared system memory, 0 output[s]
[2022.05.19-08.22.37:469][  0]LogD3D12RHI: Forcing D3D12.AsyncDeferredDeletion=0 as a workaround for a deadlock.
[2022.05.19-08.22.37:469][  0]LogD3D12RHI: Chosen D3D12 Adapter Id = 0
[2022.05.19-08.22.37:475][  0]LogD3D12RHI: InitD3DDevice: -D3DDebug = off -D3D12GPUValidation = off
[2022.05.19-08.22.37:475][  0]LogD3D12RHI: Emitting draw events for PIX profiling.
[2022.05.19-08.22.37:587][  0]LogD3D12RHI: The system supports ID3D12Device1.
[2022.05.19-08.22.37:588][  0]LogD3D12RHI: The system supports ID3D12Device2.
[2022.05.19-08.22.37:588][  0]LogD3D12RHI: The system supports ID3D12Device5.
[2022.05.19-08.22.37:588][  0]LogD3D12RHI: The system supports ID3D12Device7.
[2022.05.19-08.22.37:654][  0]LogD3D12RHI: [GPUBreadCrumb] Successfully setup breadcrumb resource for 3D Queue 0
[2022.05.19-08.22.37:665][  0]LogD3D12RHI: [GPUBreadCrumb] Successfully setup breadcrumb resource for Copy Queue 0
[2022.05.19-08.22.37:675][  0]LogD3D12RHI: [GPUBreadCrumb] Successfully setup breadcrumb resource for Compute Queue 0
[2022.05.19-08.22.37:683][  0]LogD3D12RHI: Display: Not using pipeline state disk cache per r.D3D12.PSO.DiskCache=0
[2022.05.19-08.22.37:683][  0]LogD3D12RHI: Display: Not using driver-optimized pipeline state disk cache per r.D3D12.PSO.DriverOptimizedDiskCache=0
[2022.05.19-08.22.37:788][  0]LogD3D12RHI:     GPU DeviceId: 0x1c8f (for the marketing name, search the web for "GPU Device Id")
[2022.05.19-08.22.37:788][  0]LogWindows: EnumDisplayDevices:
[2022.05.19-08.22.37:788][  0]LogWindows:    0. 'Intel(R) UHD Graphics 630' (P:1 D:1)
[2022.05.19-08.22.37:789][  0]LogWindows:    1. 'Intel(R) UHD Graphics 630' (P:0 D:0)
[2022.05.19-08.22.37:790][  0]LogWindows:    2. 'Intel(R) UHD Graphics 630' (P:0 D:0)
[2022.05.19-08.22.37:791][  0]LogWindows: DebugString: PrimaryIsNotTheChoosenAdapter PrimaryIsNotTheChoosenAdapter PrimaryIsNotTheChoosenAdapter FoundDriverCount:0 
[2022.05.19-08.22.37:791][  0]LogD3D12RHI:     Adapter Name: NVIDIA GeForce GTX 1050 Ti with Max-Q Design
[2022.05.19-08.22.37:791][  0]LogD3D12RHI:   Driver Version: Unknown (internal:Unknown, unified:Unknown)
[2022.05.19-08.22.37:791][  0]LogD3D12RHI:      Driver Date: Unknown
[2022.05.19-08.22.37:791][  0]LogRHI: Texture pool is 2153 MB (70% of 3076 MB)
[2022.05.19-08.22.37:791][  0]LogD3D12RHI: Async texture creation enabled
[2022.05.19-08.22.37:791][  0]LogD3D12RHI: RHI has support for 64 bit atomics
[2022.05.19-08.22.37:801][  0]LogRHI: GeForceNow SDK initialized: 0
[2022.05.19-08.22.38:238][  0]LogTargetPlatformManager: Display: Loaded TargetPlatform 'AllDesktop'
[2022.05.19-08.22.38:262][  0]LogTargetPlatformManager: Display: Loaded TargetPlatform 'Android'
[2022.05.19-08.22.38:262][  0]LogTargetPlatformManager: Display: Loaded TargetPlatform 'Android_ASTC'
[2022.05.19-08.22.38:262][  0]LogTargetPlatformManager: Display: Loaded TargetPlatform 'Android_DXT'
[2022.05.19-08.22.38:262][  0]LogTargetPlatformManager: Display: Loaded TargetPlatform 'Android_ETC2'
[2022.05.19-08.22.38:262][  0]LogTargetPlatformManager: Display: Loaded TargetPlatform 'AndroidClient'
[2022.05.19-08.22.38:262][  0]LogTargetPlatformManager: Display: Loaded TargetPlatform 'Android_ASTCClient'
[2022.05.19-08.22.38:262][  0]LogTargetPlatformManager: Display: Loaded TargetPlatform 'Android_DXTClient'
[2022.05.19-08.22.38:262][  0]LogTargetPlatformManager: Display: Loaded TargetPlatform 'Android_ETC2Client'
[2022.05.19-08.22.38:262][  0]LogTargetPlatformManager: Display: Loaded TargetPlatform 'Android_Multi'
[2022.05.19-08.22.38:262][  0]LogTargetPlatformManager: Display: Loaded TargetPlatform 'Android_MultiClient'
[2022.05.19-08.22.38:287][  0]LogTargetPlatformManager: Display: Loaded TargetPlatform 'IOSClient'
[2022.05.19-08.22.38:287][  0]LogTargetPlatformManager: Display: Loaded TargetPlatform 'IOS'
[2022.05.19-08.22.38:300][  0]LogTargetPlatformManager: Display: Loaded TargetPlatform 'Linux'
[2022.05.19-08.22.38:306][  0]LogTargetPlatformManager: Display: Loaded TargetPlatform 'LinuxNoEditor'
[2022.05.19-08.22.38:312][  0]LogTargetPlatformManager: Display: Loaded TargetPlatform 'LinuxClient'
[2022.05.19-08.22.38:318][  0]LogTargetPlatformManager: Display: Loaded TargetPlatform 'LinuxServer'
[2022.05.19-08.22.38:330][  0]LogTargetPlatformManager: Display: Loaded TargetPlatform 'LinuxAArch64NoEditor'
[2022.05.19-08.22.38:337][  0]LogTargetPlatformManager: Display: Loaded TargetPlatform 'LinuxAArch64Client'
[2022.05.19-08.22.38:343][  0]LogTargetPlatformManager: Display: Loaded TargetPlatform 'LinuxAArch64Server'
[2022.05.19-08.22.38:374][  0]LogTargetPlatformManager: Display: Loaded TargetPlatform 'Lumin'
[2022.05.19-08.22.38:374][  0]LogTargetPlatformManager: Display: Loaded TargetPlatform 'LuminClient'
[2022.05.19-08.22.38:386][  0]LogTargetPlatformManager: Display: Loaded TargetPlatform 'MacNoEditor'
[2022.05.19-08.22.38:392][  0]LogTargetPlatformManager: Display: Loaded TargetPlatform 'Mac'
[2022.05.19-08.22.38:398][  0]LogTargetPlatformManager: Display: Loaded TargetPlatform 'MacClient'
[2022.05.19-08.22.38:404][  0]LogTargetPlatformManager: Display: Loaded TargetPlatform 'MacServer'
[2022.05.19-08.22.38:417][  0]LogTargetPlatformManager: Display: Loaded TargetPlatform 'TVOSClient'
[2022.05.19-08.22.38:417][  0]LogTargetPlatformManager: Display: Loaded TargetPlatform 'TVOS'
[2022.05.19-08.22.38:430][  0]LogTargetPlatformManager: Display: Loaded TargetPlatform 'WindowsNoEditor'
[2022.05.19-08.22.38:436][  0]LogTargetPlatformManager: Display: Loaded TargetPlatform 'Windows'
[2022.05.19-08.22.38:443][  0]LogTargetPlatformManager: Display: Loaded TargetPlatform 'WindowsClient'
[2022.05.19-08.22.38:449][  0]LogTargetPlatformManager: Display: Loaded TargetPlatform 'WindowsServer'
[2022.05.19-08.22.38:449][  0]LogTargetPlatformManager: Display: Building Assets For Windows
[2022.05.19-08.22.38:462][  0]LogAudioDebug: Display: Lib vorbis DLL was dynamically loaded.
[2022.05.19-08.22.38:515][  0]LogTextureFormatOodle: Display: Oodle Texture 2.9.0 init RDO Off
[2022.05.19-08.22.38:564][  0]LogRendererCore: Ray tracing is disabled. Reason: not supported by current RHI.
[2022.05.19-08.22.38:564][  0]LogShaderCompilers: Guid format shader working directory is 13 characters bigger than the processId version (D:/MyEarth/OurEarth/Project_sung/Intermediate/Shaders/WorkingDirectory/12396/).
[2022.05.19-08.22.38:564][  0]LogShaderCompilers: Cleaned the shader compiler working directory 'C:/Users/adria/AppData/Local/Temp/UnrealShaderWorkingDir/279C655545F44336A72BB5BA6182D083/'.
[2022.05.19-08.22.38:564][  0]LogXGEController: Cannot use XGE Controller as Incredibuild is not installed on this machine.
[2022.05.19-08.22.38:564][  0]LogShaderCompilers: Cannot use XGE Shader Compiler as Incredibuild is not installed on this machine.
[2022.05.19-08.22.38:565][  0]LogShaderCompilers: Display: Using Local Shader Compiler.
[2022.05.19-08.22.39:346][  0]LogDerivedDataCache: Display: Max Cache Size: 512 MB
[2022.05.19-08.22.39:427][  0]LogDerivedDataCache: Loaded boot cache 0.08s 132MB C:/Users/adria/AppData/Local/UnrealEngine/4.27/DerivedDataCache/Boot.ddc.
[2022.05.19-08.22.39:427][  0]LogDerivedDataCache: Display: Loaded Boot cache: C:/Users/adria/AppData/Local/UnrealEngine/4.27/DerivedDataCache/Boot.ddc
[2022.05.19-08.22.39:427][  0]LogDerivedDataCache: FDerivedDataBackendGraph:  Pak pak cache file D:/MyEarth/OurEarth/Project_sung/DerivedDataCache/DDC.ddp not found, will not use a pak cache.
[2022.05.19-08.22.39:427][  0]LogDerivedDataCache: Unable to find inner node Pak for hierarchical cache Hierarchy.
[2022.05.19-08.22.39:427][  0]LogDerivedDataCache: FDerivedDataBackendGraph:  CompressedPak pak cache file D:/MyEarth/OurEarth/Project_sung/DerivedDataCache/Compressed.ddp not found, will not use a pak cache.
[2022.05.19-08.22.39:427][  0]LogDerivedDataCache: Unable to find inner node CompressedPak for hierarchical cache Hierarchy.
[2022.05.19-08.22.39:443][  0]LogDerivedDataCache: Display: Pak cache opened for reading ../../../Engine/DerivedDataCache/Compressed.ddp.
[2022.05.19-08.22.39:443][  0]LogDerivedDataCache: FDerivedDataBackendGraph:  EnterprisePak pak cache file ../../../Enterprise/DerivedDataCache/Compressed.ddp not found, will not use a pak cache.
[2022.05.19-08.22.39:443][  0]LogDerivedDataCache: Unable to find inner node EnterprisePak for hierarchical cache Hierarchy.
[2022.05.19-08.22.39:457][  0]LogDerivedDataCache: Speed tests for C:/Users/adria/AppData/Local/UnrealEngine/Common/DerivedDataCache took 0.01 seconds
[2022.05.19-08.22.39:457][  0]LogDerivedDataCache: Display: Performance to C:/Users/adria/AppData/Local/UnrealEngine/Common/DerivedDataCache: Latency=0.04ms. RandomReadSpeed=192.08MBs, RandomWriteSpeed=107.11MBs. Assigned SpeedClass 'Local'
[2022.05.19-08.22.39:458][  0]LogDerivedDataCache: Using Local data cache path C:/Users/adria/AppData/Local/UnrealEngine/Common/DerivedDataCache: Writable
[2022.05.19-08.22.39:458][  0]LogDerivedDataCache: Shared data cache path not found in *engine.ini, will not use an Shared cache.
[2022.05.19-08.22.39:458][  0]LogDerivedDataCache: Unable to find inner node Shared for hierarchical cache Hierarchy.
[2022.05.19-08.22.39:513][  0]LogSlate: Using FreeType 2.10.0
[2022.05.19-08.22.39:513][  0]LogSlate: SlateFontServices - WITH_FREETYPE: 1, WITH_HARFBUZZ: 1
[2022.05.19-08.22.39:546][  0]LogAssetRegistry: FAssetRegistry took 0.0030 seconds to start up
[2022.05.19-08.22.39:767][  0]LogInit: Selected Device Profile: [Windows]
[2022.05.19-08.22.39:767][  0]LogInit: Active device profile: [00000207DFEAF200][00000207D5075540 49] Windows
[2022.05.19-08.22.39:767][  0]LogInit: Profiles: [00000207DFEAF200][00000207D5075540 49] Windows, [00000207DFE69000][00000207D50876C0 49] WindowsNoEditor, [00000207DFEAD000][00000207DE77B840 49] WindowsServer, [00000207DFE6AC00][00000207DE77F9C0 49] WindowsClient, [00000207DFEAEB00][00000207DE783B40 49] IOS, [00000207DFE69700][00000207DE786140 49] iPadAir, [00000207DFEAD600][00000207D5078280 49] iPadAir2, [00000207DFDFBD00][00000207DE7124C0 49] IPadPro, [00000207DFDFBE00][00000207DE70E500 49] iPadAir3, [00000207DFEAE700][00000207DE716640 49] iPadAir4, [00000207DFDF9500][00000207D508E7C0 49] iPadMini2, [00000207DFEAD900][00000207DF862940 49] iPadMini3, [00000207DFDFA600][00000207DFBECAC0 49] iPadMini4, [00000207DFEAF600][00000207DFA5EC40 49] iPadMini5, [00000207DFE5B600][00000207DFA86F00 49] iPhone6, [00000207DFE5B700][00000207DFA6EF40 49] iPodTouch6, [00000207DFDF8300][00000207DFA99200 49] iPhone7, [00000207DFDF8200][00000207DFA95240 49] iPodTouch7, [00000207DFE59400][00000207DFAA13C0 49] iPhone5S, [00000207DFDFBC00][00000207DFAAF540 49] iPhone6Plus, [00000207DFE5A700][00000207DFAB36C0 49] iPhone6S, [00000207DFDFBB00][00000207DFAB7840 49] iPhone6SPlus, [00000207DFE59A00][00000207DFABB9C0 49] iPhone7Plus, [00000207DFDFB700][00000207DFABFB40 49] iPhoneSE, [00000207DFE5BB00][00000207D5378140 49] iPhone8, [00000207DFDF9600][00000207D537C2C0 49] iPhone8Plus, [00000207DFE59800][00000207D508A400 49] iPhoneX, [00000207DFDFBF00][00000207DFB5C540 49] iPhoneXS, [00000207DFE58B00][00000207DFB60680 49] iPhoneXSMax, [00000207DFDFAA00][00000207DFB647C0 49] iPhoneXR, [00000207DFE5BC00][00000207DFB6C940 49] iPhone11, [00000207DFDFAC00][00000207DFB70AC0 49] iPhone11Pro, [00000207DFE5A800][00000207DFBB4C40 49] iPhone11ProMax, [00000207DFDF9B00][00000207DFBB8DC0 49] iPhoneSE2, [00000207DFE5A500][00000207DFBBCF40 49] iPhone12Mini, [00000207DFDF8F00][00000207E166B0C0 49] iPhone12, [00000207DFE5AB00][00000207E166F240 49] iPhone12Pro, [00000207DFDFA000][00000207E16733C0 49] iPhone12ProMax, [00000207DFE5AA00][00000207DE75B540 49] iPadPro105, [00000207DFDFB800][00000207DE75F6C0 49] iPadPro129, [00000207DFE59C00][00000207DE763840 49] iPadPro97, [00000207DFDF9300][00000207DE7679C0 49] iPadPro2_129, [00000207DFE5AD00][00000207DE76BB40 49] iPad5, [00000207DFDFB100][00000207DE6F8140 49] iPad6, [00000207DFE58500][00000207DE6FC2C0 49] iPad7, [00000207DFDF9100][00000207DE700440 49] iPad8, [00000207DFE5B000][00000207DE7045C0 49] iPadPro11, [00000207DFDF8800][00000207DFB68700 49] iPadPro2_11, [00000207DFE59300][00000207DE708840 49] iPadPro3_129, [00000207DFDFB500][00000207DF950980 49] iPadPro4_129, [00000207DFE58F00][00000207DF958B00 49] AppleTV, [00000207DFDFB300][00000207DF95CC80 49] AppleTV4K, [00000207DFE5BA00][00000207DF960E00 49] TVOS, [00000207DFDFAB00][00000207DF964F80 49] Mac, [00000207DFE59D00][00000207DF969100 49] MacClient, [00000207DFDFA400][00000207DF96D280 49] MacNoEditor, [00000207DFE5A200][00000207DF971400 49] MacServer, [00000207DFDF9F00][00000207DF975580 49] Linux, [00000207DFE6A700][00000207DF979700 49] LinuxAArch64, [00000207DFF48300][00000207DF97D880 49] LinuxNoEditor, [00000207DFE68700][00000207DF981A00 49] LinuxAArch64NoEditor, [00000207DFF49A00][00000207DF985B80 49] LinuxClient, [00000207DFE69500][00000207DF988180 49] LinuxAArch64Client, [00000207DFF48D00][00000207E1676300 49] LinuxServer, [00000207DFE69100][00000207E167A480 49] LinuxAArch64Server, [00000207DFF49900][00000207E167E600 49] Android, [00000207DFE6A400][00000207E1682780 49] Android_Low, [00000207DFF49800][00000207DF9548C0 49] Android_Mid, [00000207DFE69200][00000207E1686A00 49] Android_High, [00000207DFF49100][00000207E168AB40 49] Android_Default, [00000207DFE6A800][00000207E1692CC0 49] Android_Adreno4xx, [00000207DFF49B00][00000207E1696E40 49] Android_Adreno5xx_Low, [00000207DFE69800][00000207E169AFC0 49] Android_Adreno5xx, [00000207DFF48F00][00000207E169F140 49] Android_Adreno6xx, [00000207DFE68C00][00000207E16A32C0 49] Android_Adreno6xx_Vulkan, [00000207DFF48C00][00000207E16A7440 49] Android_Mali_T6xx, [00000207DFE6BF00][00000207E16AB5C0 49] Android_Mali_T7xx, [00000207DFF48A00][00000207E16AF740 49] Android_Mali_T8xx, [00000207DFE6B200][00000207E16B38C0 49] Android_Mali_G71, [00000207DFF49200][00000207E16B7A40 49] Android_Mali_G72, [00000207DFDFA100][00000207E16BBBC0 49] Android_Mali_G72_Vulkan, [00000207DFE58600][00000207E16BE1C0 49] Android_Mali_G76, [00000207DFDF8900][00000207E16C2340 49] Android_Mali_G76_Vulkan, [00000207DFE58400][00000207E16C64C0 49] Android_Mali_G77, [00000207DFDFB600][00000207E16CA640 49] Android_Mali_G77_Vulkan, [00000207DFE5A400][00000207E16CE7C0 49] Android_Mali_G78, [00000207DFDF8500][00000207E16D2940 49] Android_Mali_G78_Vulkan, [00000207DFE5B400][00000207E168EA80 49] Android_Mali_G710, [00000207DFDF8100][00000207D509EBC0 49] Android_Mali_G710_Vulkan, [00000207DFE5B500][00000207DD1A0D00 49] Android_Vulkan_SM5, [00000207DFDFA300][00000207DD1A4E40 49] Android_PowerVR_G6xxx, [00000207DFE58A00][00000207DFB74FC0 49] Android_PowerVR_GT7xxx, [00000207DFDF9E00][00000207DD1A9140 49] Android_PowerVR_GE8xxx, [00000207DFE58800][00000207DD1AD2C0 49] Android_PowerVR_GM9xxx, [00000207DFDF8600][00000207DD1B1440 49] Android_PowerVR_GM9xxx_Vulkan, [00000207DFE59900][00000207DD1B55C0 49] Android_TegraK1, [00000207DFDF8400][00000207DD1B9740 49] Android_Unknown_Vulkan, [00000207DFE58700][00000207DD1BD8C0 49] Lumin, [00000207DFDFA800][00000207DD1C1A40 49] Lumin_Desktop, [00000207DFF49300][00000207DD1C5BC0 49] HoloLens, 
[2022.05.19-08.22.39:955][  0]LogMeshReduction: Using QuadricMeshReduction for automatic static mesh reduction
[2022.05.19-08.22.39:955][  0]LogMeshReduction: Using SimplygonMeshReduction for automatic skeletal mesh reduction
[2022.05.19-08.22.39:955][  0]LogMeshReduction: Using ProxyLODMeshReduction for automatic mesh merging
[2022.05.19-08.22.39:955][  0]LogMeshReduction: No distributed automatic mesh merging module available
[2022.05.19-08.22.39:955][  0]LogMeshMerging: No distributed automatic mesh merging module available
[2022.05.19-08.22.39:974][  0]LogNetVersion: Project_sung 1.0.0, NetCL: 17155196, EngineNetVer: 17, GameNetVer: 0 (Checksum: 2803603621)
[2022.05.19-08.22.40:559][  0]LogTexture: Default maximum texture size for cubemaps generated from long-lat sources has been changed from 512 to unlimited. In order to preserve old behaiour for '/Engine/MapTemplates/Sky/DaylightAmbientCubemap.DaylightAmbientCubemap', its maximum texture size has been explicitly set to 512.
[2022.05.19-08.22.40:619][  0]LogHMD: PokeAHoleMaterial loaded successfully
[2022.05.19-08.22.40:625][  0]LogUObjectArray: 17178 objects as part of root set at end of initial load.
[2022.05.19-08.22.40:625][  0]LogUObjectAllocator: 4302048 out of 0 bytes used by permanent object pool.
[2022.05.19-08.22.40:625][  0]LogUObjectArray: CloseDisregardForGC: 0/0 objects in disregard for GC pool
[2022.05.19-08.22.40:875][  0]LogNiagaraDebuggerClient: Niagara Debugger Client Initialized | Session: CFDE6AFE4D62988445F9C9B168470E81 | Instance: 8118B4824384E4FDBAE0F49D510AF106 (DESKTOP-EICK2M9-12396).
[2022.05.19-08.22.41:035][  0]LogTcpMessaging: Initializing TcpMessaging bridge
[2022.05.19-08.22.41:041][  0]LogUdpMessaging: Initializing bridge on interface 0.0.0.0:0 to multicast group 230.0.0.1:6666.
[2022.05.19-08.22.41:117][  0]LogPython: Using Python 3.7.7
[2022.05.19-08.22.41:903][  0]SourceControl: Source control is disabled
[2022.05.19-08.22.41:903][  0]SourceControl: Source control is disabled
[2022.05.19-08.22.41:909][  0]SourceControl: Source control is disabled
[2022.05.19-08.22.41:918][  0]SourceControl: Source control is disabled
[2022.05.19-08.22.41:923][  0]SourceControl: Source control is disabled
[2022.05.19-08.22.41:940][  0]LogUProjectInfo: Found projects:
[2022.05.19-08.22.42:023][  0]LogAndroidPermission: UAndroidPermissionCallbackProxy::GetInstance
[2022.05.19-08.22.42:057][  0]LogAudioCaptureCore: Display: No Audio Capture implementations found. Audio input will be silent.
[2022.05.19-08.22.42:057][  0]LogAudioCaptureCore: Display: No Audio Capture implementations found. Audio input will be silent.
[2022.05.19-08.22.42:381][  0]LogOpenImageDenoise: OIDN starting up
[2022.05.19-08.22.42:477][  0]LogOcInput: OculusInput pre-init called
[2022.05.19-08.22.42:756][  0]LogCollectionManager: Loaded 0 collections in 0.001832 seconds
[2022.05.19-08.22.42:825][  0]LogFileCache: Scanning file cache for directory 'D:/MyEarth/OurEarth/Project_sung/Saved/Collections/' took 0.00s
[2022.05.19-08.22.42:825][  0]LogFileCache: Scanning file cache for directory 'D:/MyEarth/OurEarth/Project_sung/Content/Developers/adria/Collections/' took 0.00s
[2022.05.19-08.22.42:825][  0]LogFileCache: Scanning file cache for directory 'D:/MyEarth/OurEarth/Project_sung/Content/Collections/' took 0.00s
[2022.05.19-08.22.42:825][  0]LogEngine: Initializing Engine...
[2022.05.19-08.22.42:827][  0]LogHMD: Failed to enumerate extensions. Please check that you have a valid OpenXR runtime installed.
[2022.05.19-08.22.42:827][  0]LogHMD: Failed to initialize OpenVR with code 110
[2022.05.19-08.22.42:827][  0]LogMagicLeap: Warning: VR disabled because ZI is not enabled.  To enable, in the editor, Edit -> Project Settings -> Plugins -> Magic Leap Plugin -> Enable Zero Iteration
[2022.05.19-08.22.42:828][  0]LogStats: UGameplayTagsManager::InitializeManager -  0.000 s
[2022.05.19-08.22.42:987][  0]LogInit: Initializing FReadOnlyCVARCache
[2022.05.19-08.22.43:001][  0]LogAIModule: Creating AISystem for world Untitled
[2022.05.19-08.22.43:005][  0]LogAudio: Display: Initializing Audio Device Manager...
[2022.05.19-08.22.43:011][  0]LogAudio: Display: Loading Default Audio Settings Objects...
[2022.05.19-08.22.43:011][  0]LogAudio: Display: No default SoundConcurrencyObject specified (or failed to load).
[2022.05.19-08.22.43:012][  0]LogAudio: Display: Audio Device Manager Initialized
[2022.05.19-08.22.43:012][  0]LogAudio: Display: Creating Audio Device:                 Id: 1, Scope: Shared, Realtime: True
[2022.05.19-08.22.43:012][  0]LogAudioMixer: Display: Audio Mixer Platform Settings:
[2022.05.19-08.22.43:012][  0]LogAudioMixer: Display: 	Sample Rate:						  48000
[2022.05.19-08.22.43:012][  0]LogAudioMixer: Display: 	Callback Buffer Frame Size Requested: 1024
[2022.05.19-08.22.43:012][  0]LogAudioMixer: Display: 	Callback Buffer Frame Size To Use:	  1024
[2022.05.19-08.22.43:012][  0]LogAudioMixer: Display: 	Number of buffers to queue:			  2
[2022.05.19-08.22.43:012][  0]LogAudioMixer: Display: 	Max Channels (voices):				  32
[2022.05.19-08.22.43:012][  0]LogAudioMixer: Display: 	Number of Async Source Workers:		  0
[2022.05.19-08.22.43:012][  0]LogAudio: Display: AudioDevice MaxSources: 32
[2022.05.19-08.22.43:012][  0]LogAudio: Display: Audio Spatialization Plugin: None (built-in).
[2022.05.19-08.22.43:012][  0]LogAudio: Display: Audio Reverb Plugin: None (built-in).
[2022.05.19-08.22.43:012][  0]LogAudio: Display: Audio Occlusion Plugin: None (built-in).
[2022.05.19-08.22.43:012][  0]LogAudioMixer: Display: Initializing audio mixer.
[2022.05.19-08.22.43:052][  0]LogAudioMixer: Display: 0: FrontLeft
[2022.05.19-08.22.43:052][  0]LogAudioMixer: Display: 1: FrontRight
[2022.05.19-08.22.43:085][  0]LogAudioMixer: Display: Using Audio Device 스피커(Realtek(R) Audio)
[2022.05.19-08.22.43:089][  0]LogAudioMixer: Display: Initializing Sound Submixes...
[2022.05.19-08.22.43:092][  0]LogAudioMixer: Display: Creating Master Submix 'MasterSubmixDefault'
[2022.05.19-08.22.43:092][  0]LogAudioMixer: Display: Creating Master Submix 'MasterReverbSubmixDefault'
[2022.05.19-08.22.43:093][  0]LogAudioMixer: Display: Creating Master Submix 'MasterEQSubmixDefault'
[2022.05.19-08.22.43:093][  0]LogAudioMixer: FMixerPlatformXAudio2::StartAudioStream() called
[2022.05.19-08.22.43:093][  0]LogAudioMixer: Display: Output buffers initialized: Frames=1024, Channels=2, Samples=2048
[2022.05.19-08.22.43:093][  0]LogAudioMixer: Display: Starting AudioMixerPlatformInterface::RunInternal()
[2022.05.19-08.22.43:093][  0]LogAudioMixer: Display: FMixerPlatformXAudio2::SubmitBuffer() called for the first time
[2022.05.19-08.22.43:093][  0]LogInit: FAudioDevice initialized.
[2022.05.19-08.22.43:094][  0]LogAudio: Display: Audio Device (ID: 1) registered with world 'Untitled'.
[2022.05.19-08.22.43:094][  0]LogNetVersion: Set ProjectVersion to 1.0.0.0. Version Checksum will be recalculated on next use.
[2022.05.19-08.22.43:209][  0]LogDerivedDataCache: Saved boot cache 0.12s 132MB C:/Users/adria/AppData/Local/UnrealEngine/4.27/DerivedDataCache/Boot.ddc.
[2022.05.19-08.22.43:213][  0]LogInit: Texture streaming: Enabled
[2022.05.19-08.22.43:231][  0]LogAnalytics: Display: [UEEditor.Rocket.Release] APIServer = https://datarouter.ol.epicgames.com/. AppVersion = 4.27.2-18319896+++UE4+Release-4.27
[2022.05.19-08.22.43:238][  0]LogEngineSessionManager: EngineSessionManager initialized
[2022.05.19-08.22.43:238][  0]LogEditorSessionSummary: Verbose: Initializing EditorSessionSummaryWriter for editor session tracking
[2022.05.19-08.22.43:246][  0]LogEditorSessionSummary: EditorSessionSummaryWriter initialized
[2022.05.19-08.22.43:278][  0]LogInit: Transaction tracking system initialized
[2022.05.19-08.22.43:310][  0]BlueprintLog: New page: Editor Load
[2022.05.19-08.22.43:409][  0]LocalizationService: Localization service is disabled
[2022.05.19-08.22.43:442][  0]TimingProfiler: Initialize
[2022.05.19-08.22.43:443][  0]TimingProfiler: OnSessionChanged
[2022.05.19-08.22.43:443][  0]LoadingProfiler: Initialize
[2022.05.19-08.22.43:443][  0]LoadingProfiler: OnSessionChanged
[2022.05.19-08.22.43:443][  0]NetworkingProfiler: Initialize
[2022.05.19-08.22.43:443][  0]NetworkingProfiler: OnSessionChanged
[2022.05.19-08.22.43:443][  0]MemoryProfiler: Initialize
[2022.05.19-08.22.43:443][  0]MemoryProfiler: OnSessionChanged
[2022.05.19-08.22.43:622][  0]LogCook: Display: CookSettings for Memory: MemoryMaxUsedVirtual 0MiB, MemoryMaxUsedPhysical 16384MiB, MemoryMinFreeVirtual 0MiB, MemoryMinFreePhysical 1024MiB
[2022.05.19-08.22.43:622][  0]LogCook: Display: Mobile HDR setting 1
[2022.05.19-08.22.43:912][  0]LogFileCache: Scanning file cache for directory 'D:/MyEarth/OurEarth/Project_sung/Content/' took 0.00s
[2022.05.19-08.22.44:182][  0]LogInit: Display: Engine is initialized. Leaving FEngineLoop::Init()
[2022.05.19-08.22.44:188][  0]SourceControl: Source control is disabled
[2022.05.19-08.22.44:188][  0]LogUnrealEdMisc: Loading editor; pre map load, took 9.415
[2022.05.19-08.22.44:188][  0]Cmd: MAP LOAD FILE="D:/MyEarth/OurEarth/Project_sung/Content/ThirdPersonBP/Maps/ThirdPersonExampleMap.umap" TEMPLATE=0 SHOWPROGRESS=1 FEATURELEVEL=3
[2022.05.19-08.22.44:188][  0]LightingResults: New page: Lighting Build
[2022.05.19-08.22.44:190][  0]LogWorld: UWorld::CleanupWorld for Untitled, bSessionEnded=true, bCleanupResources=true
[2022.05.19-08.22.44:190][  0]LogSlate: InvalidateAllWidgets triggered.  All widgets were invalidated
[2022.05.19-08.22.44:190][  0]MapCheck: New page: Map Check
[2022.05.19-08.22.44:190][  0]LightingResults: New page: Lighting Build
[2022.05.19-08.22.44:195][  0]LogAudio: Display: Audio Device unregistered from world 'None'.
[2022.05.19-08.22.44:198][  0]LogUObjectHash: Compacting FUObjectHashTables data took   0.82ms
[2022.05.19-08.22.44:484][  0]LogLinker: Warning: [AssetLog] D:\MyEarth\OurEarth\Project_sung\Content\ThirdPersonBP\Maps\ThirdPersonExampleMap.umap: Failed to load '/Game/ThirdPersonBP/Maps/ThirdPersonExampleMap_BuiltData': Can't find file.
[2022.05.19-08.22.44:484][  0]LogLinker: Warning: [AssetLog] D:\MyEarth\OurEarth\Project_sung\Content\ThirdPersonBP\Maps\ThirdPersonExampleMap.umap: Failed to load '/Game/ThirdPersonBP/Maps/ThirdPersonExampleMap_BuiltData': Can't find file.
[2022.05.19-08.22.44:484][  0]LogLinker: Warning: [AssetLog] D:\MyEarth\OurEarth\Project_sung\Content\ThirdPersonBP\Maps\ThirdPersonExampleMap.umap: Failed to load '/Game/ThirdPersonBP/Maps/ThirdPersonExampleMap_BuiltData': Can't find file.
[2022.05.19-08.22.44:486][  0]LogLinker: Warning: Failed to load '/Game/ThirdPersonBP/Maps/ThirdPersonExampleMap_BuiltData': Can't find file.
[2022.05.19-08.22.44:486][  0]LogLinker: Warning: Failed to load '/Game/ThirdPersonBP/Maps/ThirdPersonExampleMap_BuiltData': Can't find file.
[2022.05.19-08.22.44:495][  0]LogLinker: Warning: [AssetLog] D:\MyEarth\OurEarth\Project_sung\Content\ThirdPersonBP\Maps\ThirdPersonExampleMap.umap: Failed to load '/Game/ThirdPersonBP/Maps/ThirdPersonExampleMap_BuiltData': Can't find file.
[2022.05.19-08.22.44:495][  0]LoadErrors: Failed to load /Game/ThirdPersonBP/Maps/ThirdPersonExampleMap_BuiltData.ThirdPersonExampleMap_BuiltData Referenced by PersistentLevel
[2022.05.19-08.22.44:587][  0]LogAudio: Display: Audio Device (ID: 1) registered with world 'ThirdPersonExampleMap'.
[2022.05.19-08.22.44:588][  0]LogAIModule: Creating AISystem for world ThirdPersonExampleMap
[2022.05.19-08.22.44:594][  0]LogEditorServer: Finished looking for orphan Actors (0.000 secs)
[2022.05.19-08.22.44:608][  0]LogUObjectHash: Compacting FUObjectHashTables data took   1.11ms
[2022.05.19-08.22.44:608][  0]Cmd: MAP CHECKDEP NOCLEARLOG
[2022.05.19-08.22.44:608][  0]MapCheck: Map check complete: 0 Error(s), 0 Warning(s), took 0.117ms to complete.
[2022.05.19-08.22.44:608][  0]LogFileHelpers: Loading map 'ThirdPersonExampleMap' took 0.420
[2022.05.19-08.22.44:610][  0]LogUnrealEdMisc: Total Editor Startup Time, took 9.837
[2022.05.19-08.22.44:774][  0]LogSlate: Updating window title bar state: overlay mode, drag disabled, window buttons hidden, title bar hidden
[2022.05.19-08.22.44:781][  0]LogSlate: Updating window title bar state: overlay mode, drag disabled, window buttons hidden, title bar hidden
[2022.05.19-08.22.44:787][  0]LogSlate: Updating window title bar state: overlay mode, drag disabled, window buttons hidden, title bar hidden
[2022.05.19-08.22.44:793][  0]LogSlate: Updating window title bar state: overlay mode, drag disabled, window buttons hidden, title bar hidden
[2022.05.19-08.22.44:811][  0]LogNativeClassHierarchy: Verbose: Native class hierarchy populated in 0.0087 seconds. Added 3822 classes and 928 folders.
[2022.05.19-08.22.44:813][  0]LogNativeClassHierarchy: Verbose: Native class hierarchy updated for 'WidgetCarousel' in 0.0004 seconds. Added 0 classes and 0 folders.
[2022.05.19-08.22.44:815][  0]LogPakFile: PakFile PrimaryIndexSize=187
[2022.05.19-08.22.44:815][  0]LogPakFile: PakFile PathHashIndexSize=101
[2022.05.19-08.22.44:815][  0]LogPakFile: PakFile FullDirectoryIndexSize=148
[2022.05.19-08.22.44:815][  0]LogShaderLibrary: Display: ShaderCodeLibraryPakFileMountedCallback: PakFile 'C:/Program Files/Epic Games/UE_4.27/FeaturePacks/FP_FirstPerson.upack' (chunk index -1, root 'root:/') mounted
[2022.05.19-08.22.44:815][  0]LogShaderLibrary: Display: ShaderCodeLibraryPakFileMountedCallback: pending pak file info (ChunkID:-1 Root:root:/ File:C:/Program Files/Epic Games/UE_4.27/FeaturePacks/FP_FirstPerson.upack)
[2022.05.19-08.22.44:815][  0]LogPakFile: OnPakFileMounted2Time == 0.000055
[2022.05.19-08.22.44:816][  0]LogPakFile: PakFile PrimaryIndexSize=189
[2022.05.19-08.22.44:816][  0]LogPakFile: PakFile PathHashIndexSize=101
[2022.05.19-08.22.44:816][  0]LogPakFile: PakFile FullDirectoryIndexSize=152
[2022.05.19-08.22.44:816][  0]LogShaderLibrary: Display: ShaderCodeLibraryPakFileMountedCallback: PakFile 'C:/Program Files/Epic Games/UE_4.27/FeaturePacks/FP_FirstPersonBP.upack' (chunk index -1, root 'root:/') mounted
[2022.05.19-08.22.44:816][  0]LogShaderLibrary: Display: ShaderCodeLibraryPakFileMountedCallback: pending pak file info (ChunkID:-1 Root:root:/ File:C:/Program Files/Epic Games/UE_4.27/FeaturePacks/FP_FirstPersonBP.upack)
[2022.05.19-08.22.44:816][  0]LogPakFile: OnPakFileMounted2Time == 0.000038
[2022.05.19-08.22.44:817][  0]LogPakFile: PakFile PrimaryIndexSize=191
[2022.05.19-08.22.44:817][  0]LogPakFile: PakFile PathHashIndexSize=101
[2022.05.19-08.22.44:817][  0]LogPakFile: PakFile FullDirectoryIndexSize=160
[2022.05.19-08.22.44:817][  0]LogShaderLibrary: Display: ShaderCodeLibraryPakFileMountedCallback: PakFile 'C:/Program Files/Epic Games/UE_4.27/FeaturePacks/MobileStarterContent.upack' (chunk index -1, root 'root:/') mounted
[2022.05.19-08.22.44:817][  0]LogShaderLibrary: Display: ShaderCodeLibraryPakFileMountedCallback: pending pak file info (ChunkID:-1 Root:root:/ File:C:/Program Files/Epic Games/UE_4.27/FeaturePacks/MobileStarterContent.upack)
[2022.05.19-08.22.44:817][  0]LogPakFile: OnPakFileMounted2Time == 0.000035
[2022.05.19-08.22.44:817][  0]LogPakFile: PakFile PrimaryIndexSize=185
[2022.05.19-08.22.44:817][  0]LogPakFile: PakFile PathHashIndexSize=101
[2022.05.19-08.22.44:817][  0]LogPakFile: PakFile FullDirectoryIndexSize=148
[2022.05.19-08.22.44:817][  0]LogShaderLibrary: Display: ShaderCodeLibraryPakFileMountedCallback: PakFile 'C:/Program Files/Epic Games/UE_4.27/FeaturePacks/StarterContent.upack' (chunk index -1, root 'root:/') mounted
[2022.05.19-08.22.44:817][  0]LogShaderLibrary: Display: ShaderCodeLibraryPakFileMountedCallback: pending pak file info (ChunkID:-1 Root:root:/ File:C:/Program Files/Epic Games/UE_4.27/FeaturePacks/StarterContent.upack)
[2022.05.19-08.22.44:817][  0]LogPakFile: OnPakFileMounted2Time == 0.000042
[2022.05.19-08.22.44:819][  0]LogPakFile: PakFile PrimaryIndexSize=190
[2022.05.19-08.22.44:819][  0]LogPakFile: PakFile PathHashIndexSize=101
[2022.05.19-08.22.44:819][  0]LogPakFile: PakFile FullDirectoryIndexSize=154
[2022.05.19-08.22.44:819][  0]LogShaderLibrary: Display: ShaderCodeLibraryPakFileMountedCallback: PakFile 'C:/Program Files/Epic Games/UE_4.27/FeaturePacks/TP_2DSideScroller.upack' (chunk index -1, root 'root:/') mounted
[2022.05.19-08.22.44:819][  0]LogShaderLibrary: Display: ShaderCodeLibraryPakFileMountedCallback: pending pak file info (ChunkID:-1 Root:root:/ File:C:/Program Files/Epic Games/UE_4.27/FeaturePacks/TP_2DSideScroller.upack)
[2022.05.19-08.22.44:819][  0]LogPakFile: OnPakFileMounted2Time == 0.000036
[2022.05.19-08.22.44:820][  0]LogPakFile: PakFile PrimaryIndexSize=192
[2022.05.19-08.22.44:820][  0]LogPakFile: PakFile PathHashIndexSize=101
[2022.05.19-08.22.44:820][  0]LogPakFile: PakFile FullDirectoryIndexSize=158
[2022.05.19-08.22.44:820][  0]LogShaderLibrary: Display: ShaderCodeLibraryPakFileMountedCallback: PakFile 'C:/Program Files/Epic Games/UE_4.27/FeaturePacks/TP_2DSideScrollerBP.upack' (chunk index -1, root 'root:/') mounted
[2022.05.19-08.22.44:820][  0]LogShaderLibrary: Display: ShaderCodeLibraryPakFileMountedCallback: pending pak file info (ChunkID:-1 Root:root:/ File:C:/Program Files/Epic Games/UE_4.27/FeaturePacks/TP_2DSideScrollerBP.upack)
[2022.05.19-08.22.44:820][  0]LogPakFile: OnPakFileMounted2Time == 0.000048
[2022.05.19-08.22.44:821][  0]LogPakFile: PakFile PrimaryIndexSize=182
[2022.05.19-08.22.44:821][  0]LogPakFile: PakFile PathHashIndexSize=101
[2022.05.19-08.22.44:821][  0]LogPakFile: PakFile FullDirectoryIndexSize=138
[2022.05.19-08.22.44:821][  0]LogShaderLibrary: Display: ShaderCodeLibraryPakFileMountedCallback: PakFile 'C:/Program Files/Epic Games/UE_4.27/FeaturePacks/TP_Flying.upack' (chunk index -1, root 'root:/') mounted
[2022.05.19-08.22.44:821][  0]LogShaderLibrary: Display: ShaderCodeLibraryPakFileMountedCallback: pending pak file info (ChunkID:-1 Root:root:/ File:C:/Program Files/Epic Games/UE_4.27/FeaturePacks/TP_Flying.upack)
[2022.05.19-08.22.44:821][  0]LogPakFile: OnPakFileMounted2Time == 0.000043
[2022.05.19-08.22.44:821][  0]LogPakFile: PakFile PrimaryIndexSize=184
[2022.05.19-08.22.44:821][  0]LogPakFile: PakFile PathHashIndexSize=101
[2022.05.19-08.22.44:821][  0]LogPakFile: PakFile FullDirectoryIndexSize=142
[2022.05.19-08.22.44:821][  0]LogShaderLibrary: Display: ShaderCodeLibraryPakFileMountedCallback: PakFile 'C:/Program Files/Epic Games/UE_4.27/FeaturePacks/TP_FlyingBP.upack' (chunk index -1, root 'root:/') mounted
[2022.05.19-08.22.44:821][  0]LogShaderLibrary: Display: ShaderCodeLibraryPakFileMountedCallback: pending pak file info (ChunkID:-1 Root:root:/ File:C:/Program Files/Epic Games/UE_4.27/FeaturePacks/TP_FlyingBP.upack)
[2022.05.19-08.22.44:821][  0]LogPakFile: OnPakFileMounted2Time == 0.000042
[2022.05.19-08.22.44:822][  0]LogPakFile: PakFile PrimaryIndexSize=188
[2022.05.19-08.22.44:822][  0]LogPakFile: PakFile PathHashIndexSize=101
[2022.05.19-08.22.44:822][  0]LogPakFile: PakFile FullDirectoryIndexSize=150
[2022.05.19-08.22.44:822][  0]LogShaderLibrary: Display: ShaderCodeLibraryPakFileMountedCallback: PakFile 'C:/Program Files/Epic Games/UE_4.27/FeaturePacks/TP_HandheldARBP.upack' (chunk index -1, root 'root:/') mounted
[2022.05.19-08.22.44:822][  0]LogShaderLibrary: Display: ShaderCodeLibraryPakFileMountedCallback: pending pak file info (ChunkID:-1 Root:root:/ File:C:/Program Files/Epic Games/UE_4.27/FeaturePacks/TP_HandheldARBP.upack)
[2022.05.19-08.22.44:822][  0]LogPakFile: OnPakFileMounted2Time == 0.000037
[2022.05.19-08.22.44:823][  0]LogPakFile: PakFile PrimaryIndexSize=182
[2022.05.19-08.22.44:823][  0]LogPakFile: PakFile PathHashIndexSize=101
[2022.05.19-08.22.44:823][  0]LogPakFile: PakFile FullDirectoryIndexSize=138
[2022.05.19-08.22.44:823][  0]LogShaderLibrary: Display: ShaderCodeLibraryPakFileMountedCallback: PakFile 'C:/Program Files/Epic Games/UE_4.27/FeaturePacks/TP_Puzzle.upack' (chunk index -1, root 'root:/') mounted
[2022.05.19-08.22.44:823][  0]LogShaderLibrary: Display: ShaderCodeLibraryPakFileMountedCallback: pending pak file info (ChunkID:-1 Root:root:/ File:C:/Program Files/Epic Games/UE_4.27/FeaturePacks/TP_Puzzle.upack)
[2022.05.19-08.22.44:823][  0]LogPakFile: OnPakFileMounted2Time == 0.000035
[2022.05.19-08.22.44:824][  0]LogPakFile: PakFile PrimaryIndexSize=184
[2022.05.19-08.22.44:824][  0]LogPakFile: PakFile PathHashIndexSize=101
[2022.05.19-08.22.44:824][  0]LogPakFile: PakFile FullDirectoryIndexSize=142
[2022.05.19-08.22.44:824][  0]LogShaderLibrary: Display: ShaderCodeLibraryPakFileMountedCallback: PakFile 'C:/Program Files/Epic Games/UE_4.27/FeaturePacks/TP_PuzzleBP.upack' (chunk index -1, root 'root:/') mounted
[2022.05.19-08.22.44:824][  0]LogShaderLibrary: Display: ShaderCodeLibraryPakFileMountedCallback: pending pak file info (ChunkID:-1 Root:root:/ File:C:/Program Files/Epic Games/UE_4.27/FeaturePacks/TP_PuzzleBP.upack)
[2022.05.19-08.22.44:824][  0]LogPakFile: OnPakFileMounted2Time == 0.000060
[2022.05.19-08.22.44:825][  0]LogPakFile: PakFile PrimaryIndexSize=183
[2022.05.19-08.22.44:825][  0]LogPakFile: PakFile PathHashIndexSize=101
[2022.05.19-08.22.44:825][  0]LogPakFile: PakFile FullDirectoryIndexSize=140
[2022.05.19-08.22.44:825][  0]LogShaderLibrary: Display: ShaderCodeLibraryPakFileMountedCallback: PakFile 'C:/Program Files/Epic Games/UE_4.27/FeaturePacks/TP_Rolling.upack' (chunk index -1, root 'root:/') mounted
[2022.05.19-08.22.44:825][  0]LogShaderLibrary: Display: ShaderCodeLibraryPakFileMountedCallback: pending pak file info (ChunkID:-1 Root:root:/ File:C:/Program Files/Epic Games/UE_4.27/FeaturePacks/TP_Rolling.upack)
[2022.05.19-08.22.44:825][  0]LogPakFile: OnPakFileMounted2Time == 0.000036
[2022.05.19-08.22.44:825][  0]LogPakFile: PakFile PrimaryIndexSize=185
[2022.05.19-08.22.44:825][  0]LogPakFile: PakFile PathHashIndexSize=101
[2022.05.19-08.22.44:825][  0]LogPakFile: PakFile FullDirectoryIndexSize=144
[2022.05.19-08.22.44:825][  0]LogShaderLibrary: Display: ShaderCodeLibraryPakFileMountedCallback: PakFile 'C:/Program Files/Epic Games/UE_4.27/FeaturePacks/TP_RollingBP.upack' (chunk index -1, root 'root:/') mounted
[2022.05.19-08.22.44:825][  0]LogShaderLibrary: Display: ShaderCodeLibraryPakFileMountedCallback: pending pak file info (ChunkID:-1 Root:root:/ File:C:/Program Files/Epic Games/UE_4.27/FeaturePacks/TP_RollingBP.upack)
[2022.05.19-08.22.44:825][  0]LogPakFile: OnPakFileMounted2Time == 0.000035
[2022.05.19-08.22.44:826][  0]LogPakFile: PakFile PrimaryIndexSize=188
[2022.05.19-08.22.44:826][  0]LogPakFile: PakFile PathHashIndexSize=101
[2022.05.19-08.22.44:826][  0]LogPakFile: PakFile FullDirectoryIndexSize=150
[2022.05.19-08.22.44:826][  0]LogShaderLibrary: Display: ShaderCodeLibraryPakFileMountedCallback: PakFile 'C:/Program Files/Epic Games/UE_4.27/FeaturePacks/TP_SideScroller.upack' (chunk index -1, root 'root:/') mounted
[2022.05.19-08.22.44:826][  0]LogShaderLibrary: Display: ShaderCodeLibraryPakFileMountedCallback: pending pak file info (ChunkID:-1 Root:root:/ File:C:/Program Files/Epic Games/UE_4.27/FeaturePacks/TP_SideScroller.upack)
[2022.05.19-08.22.44:826][  0]LogPakFile: OnPakFileMounted2Time == 0.000035
[2022.05.19-08.22.44:827][  0]LogPakFile: PakFile PrimaryIndexSize=190
[2022.05.19-08.22.44:827][  0]LogPakFile: PakFile PathHashIndexSize=101
[2022.05.19-08.22.44:827][  0]LogPakFile: PakFile FullDirectoryIndexSize=154
[2022.05.19-08.22.44:827][  0]LogShaderLibrary: Display: ShaderCodeLibraryPakFileMountedCallback: PakFile 'C:/Program Files/Epic Games/UE_4.27/FeaturePacks/TP_SideScrollerBP.upack' (chunk index -1, root 'root:/') mounted
[2022.05.19-08.22.44:827][  0]LogShaderLibrary: Display: ShaderCodeLibraryPakFileMountedCallback: pending pak file info (ChunkID:-1 Root:root:/ File:C:/Program Files/Epic Games/UE_4.27/FeaturePacks/TP_SideScrollerBP.upack)
[2022.05.19-08.22.44:827][  0]LogPakFile: OnPakFileMounted2Time == 0.000045
[2022.05.19-08.22.44:828][  0]LogPakFile: PakFile PrimaryIndexSize=187
[2022.05.19-08.22.44:828][  0]LogPakFile: PakFile PathHashIndexSize=101
[2022.05.19-08.22.44:828][  0]LogPakFile: PakFile FullDirectoryIndexSize=148
[2022.05.19-08.22.44:828][  0]LogShaderLibrary: Display: ShaderCodeLibraryPakFileMountedCallback: PakFile 'C:/Program Files/Epic Games/UE_4.27/FeaturePacks/TP_ThirdPerson.upack' (chunk index -1, root 'root:/') mounted
[2022.05.19-08.22.44:828][  0]LogShaderLibrary: Display: ShaderCodeLibraryPakFileMountedCallback: pending pak file info (ChunkID:-1 Root:root:/ File:C:/Program Files/Epic Games/UE_4.27/FeaturePacks/TP_ThirdPerson.upack)
[2022.05.19-08.22.44:828][  0]LogPakFile: OnPakFileMounted2Time == 0.000035
[2022.05.19-08.22.44:829][  0]LogPakFile: PakFile PrimaryIndexSize=189
[2022.05.19-08.22.44:829][  0]LogPakFile: PakFile PathHashIndexSize=101
[2022.05.19-08.22.44:829][  0]LogPakFile: PakFile FullDirectoryIndexSize=152
[2022.05.19-08.22.44:829][  0]LogShaderLibrary: Display: ShaderCodeLibraryPakFileMountedCallback: PakFile 'C:/Program Files/Epic Games/UE_4.27/FeaturePacks/TP_ThirdPersonBP.upack' (chunk index -1, root 'root:/') mounted
[2022.05.19-08.22.44:829][  0]LogShaderLibrary: Display: ShaderCodeLibraryPakFileMountedCallback: pending pak file info (ChunkID:-1 Root:root:/ File:C:/Program Files/Epic Games/UE_4.27/FeaturePacks/TP_ThirdPersonBP.upack)
[2022.05.19-08.22.44:829][  0]LogPakFile: OnPakFileMounted2Time == 0.000037
[2022.05.19-08.22.44:830][  0]LogPakFile: PakFile PrimaryIndexSize=183
[2022.05.19-08.22.44:830][  0]LogPakFile: PakFile PathHashIndexSize=101
[2022.05.19-08.22.44:830][  0]LogPakFile: PakFile FullDirectoryIndexSize=140
[2022.05.19-08.22.44:831][  0]LogShaderLibrary: Display: ShaderCodeLibraryPakFileMountedCallback: PakFile 'C:/Program Files/Epic Games/UE_4.27/FeaturePacks/TP_TopDown.upack' (chunk index -1, root 'root:/') mounted
[2022.05.19-08.22.44:831][  0]LogShaderLibrary: Display: ShaderCodeLibraryPakFileMountedCallback: pending pak file info (ChunkID:-1 Root:root:/ File:C:/Program Files/Epic Games/UE_4.27/FeaturePacks/TP_TopDown.upack)
[2022.05.19-08.22.44:831][  0]LogPakFile: OnPakFileMounted2Time == 0.000076
[2022.05.19-08.22.44:831][  0]LogPakFile: PakFile PrimaryIndexSize=185
[2022.05.19-08.22.44:831][  0]LogPakFile: PakFile PathHashIndexSize=101
[2022.05.19-08.22.44:831][  0]LogPakFile: PakFile FullDirectoryIndexSize=144
[2022.05.19-08.22.44:831][  0]LogShaderLibrary: Display: ShaderCodeLibraryPakFileMountedCallback: PakFile 'C:/Program Files/Epic Games/UE_4.27/FeaturePacks/TP_TopDownBP.upack' (chunk index -1, root 'root:/') mounted
[2022.05.19-08.22.44:831][  0]LogShaderLibrary: Display: ShaderCodeLibraryPakFileMountedCallback: pending pak file info (ChunkID:-1 Root:root:/ File:C:/Program Files/Epic Games/UE_4.27/FeaturePacks/TP_TopDownBP.upack)
[2022.05.19-08.22.44:831][  0]LogPakFile: OnPakFileMounted2Time == 0.000053
[2022.05.19-08.22.44:831][  0]LogPakFile: PakFile PrimaryIndexSize=185
[2022.05.19-08.22.44:831][  0]LogPakFile: PakFile PathHashIndexSize=101
[2022.05.19-08.22.44:831][  0]LogPakFile: PakFile FullDirectoryIndexSize=144
[2022.05.19-08.22.44:831][  0]LogShaderLibrary: Display: ShaderCodeLibraryPakFileMountedCallback: PakFile 'C:/Program Files/Epic Games/UE_4.27/FeaturePacks/TP_TwinStick.upack' (chunk index -1, root 'root:/') mounted
[2022.05.19-08.22.44:831][  0]LogShaderLibrary: Display: ShaderCodeLibraryPakFileMountedCallback: pending pak file info (ChunkID:-1 Root:root:/ File:C:/Program Files/Epic Games/UE_4.27/FeaturePacks/TP_TwinStick.upack)
[2022.05.19-08.22.44:832][  0]LogPakFile: OnPakFileMounted2Time == 0.000035
[2022.05.19-08.22.44:832][  0]LogPakFile: PakFile PrimaryIndexSize=187
[2022.05.19-08.22.44:832][  0]LogPakFile: PakFile PathHashIndexSize=101
[2022.05.19-08.22.44:832][  0]LogPakFile: PakFile FullDirectoryIndexSize=148
[2022.05.19-08.22.44:832][  0]LogShaderLibrary: Display: ShaderCodeLibraryPakFileMountedCallback: PakFile 'C:/Program Files/Epic Games/UE_4.27/FeaturePacks/TP_TwinStickBP.upack' (chunk index -1, root 'root:/') mounted
[2022.05.19-08.22.44:832][  0]LogShaderLibrary: Display: ShaderCodeLibraryPakFileMountedCallback: pending pak file info (ChunkID:-1 Root:root:/ File:C:/Program Files/Epic Games/UE_4.27/FeaturePacks/TP_TwinStickBP.upack)
[2022.05.19-08.22.44:832][  0]LogPakFile: OnPakFileMounted2Time == 0.000034
[2022.05.19-08.22.44:833][  0]LogPakFile: PakFile PrimaryIndexSize=183
[2022.05.19-08.22.44:833][  0]LogPakFile: PakFile PathHashIndexSize=101
[2022.05.19-08.22.44:833][  0]LogPakFile: PakFile FullDirectoryIndexSize=140
[2022.05.19-08.22.44:833][  0]LogShaderLibrary: Display: ShaderCodeLibraryPakFileMountedCallback: PakFile 'C:/Program Files/Epic Games/UE_4.27/FeaturePacks/TP_Vehicle.upack' (chunk index -1, root 'root:/') mounted
[2022.05.19-08.22.44:833][  0]LogShaderLibrary: Display: ShaderCodeLibraryPakFileMountedCallback: pending pak file info (ChunkID:-1 Root:root:/ File:C:/Program Files/Epic Games/UE_4.27/FeaturePacks/TP_Vehicle.upack)
[2022.05.19-08.22.44:833][  0]LogPakFile: OnPakFileMounted2Time == 0.000033
[2022.05.19-08.22.44:834][  0]LogPakFile: PakFile PrimaryIndexSize=186
[2022.05.19-08.22.44:834][  0]LogPakFile: PakFile PathHashIndexSize=101
[2022.05.19-08.22.44:834][  0]LogPakFile: PakFile FullDirectoryIndexSize=146
[2022.05.19-08.22.44:834][  0]LogShaderLibrary: Display: ShaderCodeLibraryPakFileMountedCallback: PakFile 'C:/Program Files/Epic Games/UE_4.27/FeaturePacks/TP_VehicleAdv.upack' (chunk index -1, root 'root:/') mounted
[2022.05.19-08.22.44:834][  0]LogShaderLibrary: Display: ShaderCodeLibraryPakFileMountedCallback: pending pak file info (ChunkID:-1 Root:root:/ File:C:/Program Files/Epic Games/UE_4.27/FeaturePacks/TP_VehicleAdv.upack)
[2022.05.19-08.22.44:834][  0]LogPakFile: OnPakFileMounted2Time == 0.000034
[2022.05.19-08.22.44:834][  0]LogPakFile: PakFile PrimaryIndexSize=188
[2022.05.19-08.22.44:834][  0]LogPakFile: PakFile PathHashIndexSize=101
[2022.05.19-08.22.44:834][  0]LogPakFile: PakFile FullDirectoryIndexSize=150
[2022.05.19-08.22.44:834][  0]LogShaderLibrary: Display: ShaderCodeLibraryPakFileMountedCallback: PakFile 'C:/Program Files/Epic Games/UE_4.27/FeaturePacks/TP_VehicleAdvBP.upack' (chunk index -1, root 'root:/') mounted
[2022.05.19-08.22.44:834][  0]LogShaderLibrary: Display: ShaderCodeLibraryPakFileMountedCallback: pending pak file info (ChunkID:-1 Root:root:/ File:C:/Program Files/Epic Games/UE_4.27/FeaturePacks/TP_VehicleAdvBP.upack)
[2022.05.19-08.22.44:834][  0]LogPakFile: OnPakFileMounted2Time == 0.000034
[2022.05.19-08.22.44:835][  0]LogPakFile: PakFile PrimaryIndexSize=185
[2022.05.19-08.22.44:835][  0]LogPakFile: PakFile PathHashIndexSize=101
[2022.05.19-08.22.44:835][  0]LogPakFile: PakFile FullDirectoryIndexSize=144
[2022.05.19-08.22.44:835][  0]LogShaderLibrary: Display: ShaderCodeLibraryPakFileMountedCallback: PakFile 'C:/Program Files/Epic Games/UE_4.27/FeaturePacks/TP_VehicleBP.upack' (chunk index -1, root 'root:/') mounted
[2022.05.19-08.22.44:835][  0]LogShaderLibrary: Display: ShaderCodeLibraryPakFileMountedCallback: pending pak file info (ChunkID:-1 Root:root:/ File:C:/Program Files/Epic Games/UE_4.27/FeaturePacks/TP_VehicleBP.upack)
[2022.05.19-08.22.44:835][  0]LogPakFile: OnPakFileMounted2Time == 0.000034
[2022.05.19-08.22.44:836][  0]LogPakFile: PakFile PrimaryIndexSize=192
[2022.05.19-08.22.44:836][  0]LogPakFile: PakFile PathHashIndexSize=101
[2022.05.19-08.22.44:836][  0]LogPakFile: PakFile FullDirectoryIndexSize=158
[2022.05.19-08.22.44:836][  0]LogShaderLibrary: Display: ShaderCodeLibraryPakFileMountedCallback: PakFile 'C:/Program Files/Epic Games/UE_4.27/FeaturePacks/TP_VirtualRealityBP.upack' (chunk index -1, root 'root:/') mounted
[2022.05.19-08.22.44:836][  0]LogShaderLibrary: Display: ShaderCodeLibraryPakFileMountedCallback: pending pak file info (ChunkID:-1 Root:root:/ File:C:/Program Files/Epic Games/UE_4.27/FeaturePacks/TP_VirtualRealityBP.upack)
[2022.05.19-08.22.44:836][  0]LogPakFile: OnPakFileMounted2Time == 0.000034
[2022.05.19-08.22.44:898][  0]LogNativeClassHierarchy: Verbose: Native class hierarchy updated for 'AddContentDialog' in 0.0003 seconds. Added 0 classes and 0 folders.
[2022.05.19-08.22.44:899][  0]LogNativeClassHierarchy: Verbose: Native class hierarchy updated for 'SceneOutliner' in 0.0002 seconds. Added 2 classes and 0 folders.
[2022.05.19-08.22.44:980][  0]LogSlate: Took 0.000290 seconds to synchronously load lazily loaded font '../../../Engine/Content/Slate/Fonts/Roboto-Regular.ttf' (155K)
[2022.05.19-08.22.44:982][  0]LogSlate: Took 0.000485 seconds to synchronously load lazily loaded font '../../../Engine/Content/Editor/Slate/Fonts/FontAwesome.ttf' (139K)
[2022.05.19-08.22.44:983][  0]LogSlate: Took 0.000703 seconds to synchronously load lazily loaded font '../../../Engine/Content/Slate/Fonts/Roboto-Bold.ttf' (160K)
[2022.05.19-08.22.45:084][  0]LogRenderer: Reallocating scene render targets to support 964x440 Format 10 NumSamples 1 (Frame:1).
[2022.05.19-08.22.45:474][  0]LogNativeClassHierarchy: Verbose: Native class hierarchy updated for 'HierarchicalLODOutliner' in 0.0003 seconds. Added 0 classes and 0 folders.
[2022.05.19-08.22.45:474][  0]LogInput: Warning: Action Jump uses invalid key OculusGo_Left_Trigger_Click.
[2022.05.19-08.22.45:474][  0]LogInput: Warning: Action ResetVR uses invalid key OculusGo_Left_Trackpad_Click.
[2022.05.19-08.22.45:474][  0]LogInput: Warning: Use -RemoveInvalidKeys to remove instances of these keys from the action mapping.
[2022.05.19-08.22.45:474][  0]LogLoad: (Engine Initialization) Total time: 10.70 seconds
[2022.05.19-08.22.45:474][  0]LogLoad: (Engine Initialization) Total Blueprint compile time: 0.00 seconds
[2022.05.19-08.22.45:528][  0]LogAssetRegistry: Asset discovery search completed in 5.9828 seconds
[2022.05.19-08.22.45:534][  0]LogCollectionManager: Fixed up redirectors for 0 collections in 0.000003 seconds (updated 0 objects)
[2022.05.19-08.22.45:536][  0]LogContentStreaming: Texture pool size now 1000 MB
[2022.05.19-08.22.45:628][  0]LogSlate: Took 0.000251 seconds to synchronously load lazily loaded font '../../../Engine/Content/Slate/Fonts/DroidSansMono.ttf' (77K)
[2022.05.19-08.22.46:174][  2]LogSlate: Took 0.000401 seconds to synchronously load lazily loaded font '../../../Engine/Content/Slate/Fonts/Roboto-Light.ttf' (167K)
[2022.05.19-08.22.48:821][ 34]LogSlate: Window 'Message Log' being destroyed
[2022.05.19-08.22.48:828][ 34]LogSlate: Window 'Message Log' being destroyed
